TN:
SF:bin/migrate-to-napoleon.js
FN:14,checkAddManagerData
FN:39,checkNapoleonData
FN:64,transformSessionData
FN:69,(anonymous_3)
FN:96,transformConfigData
FN:135,performMigration
FN:225,validateMigration
FN:302,(anonymous_7)
FN:309,(anonymous_8)
FN:318,(anonymous_9)
FNF:10
FNH:7
FNDA:9,checkAddManagerData
FNDA:13,checkNapoleonData
FNDA:8,transformSessionData
FNDA:5,(anonymous_3)
FNDA:4,transformConfigData
FNDA:5,performMigration
FNDA:6,validateMigration
FNDA:0,(anonymous_7)
FNDA:0,(anonymous_8)
FNDA:0,(anonymous_9)
DA:7,1
DA:8,1
DA:9,1
DA:15,9
DA:16,9
DA:18,9
DA:19,4
DA:23,5
DA:24,5
DA:26,5
DA:40,13
DA:41,13
DA:43,13
DA:44,6
DA:48,7
DA:49,7
DA:51,7
DA:65,8
DA:66,2
DA:69,6
DA:87,6
DA:97,4
DA:98,1
DA:114,3
DA:136,5
DA:138,5
DA:139,5
DA:141,5
DA:142,1
DA:149,4
DA:150,1
DA:157,3
DA:159,3
DA:161,3
DA:162,2
DA:163,2
DA:166,3
DA:169,3
DA:170,3
DA:171,2
DA:173,2
DA:174,1
DA:176,2
DA:180,2
DA:181,2
DA:182,2
DA:184,2
DA:185,1
DA:187,2
DA:191,2
DA:192,1
DA:193,1
DA:195,1
DA:196,1
DA:198,1
DA:199,1
DA:202,1
DA:205,2
DA:213,1
DA:226,6
DA:228,6
DA:229,1
DA:236,5
DA:238,5
DA:239,1
DA:242,5
DA:243,1
DA:247,5
DA:248,4
DA:249,4
DA:250,4
DA:251,1
DA:254,0
DA:259,5
DA:260,4
DA:261,4
DA:262,3
DA:263,0
DA:266,1
DA:270,5
DA:278,1
DA:279,0
DA:280,0
DA:286,0
DA:287,0
DA:289,0
DA:290,0
DA:299,0
DA:302,0
DA:303,0
DA:304,0
DA:306,0
DA:307,0
DA:308,0
DA:309,0
DA:312,0
DA:313,0
DA:314,0
DA:315,0
DA:317,0
DA:318,0
DA:322,0
DA:323,0
DA:326,0
DA:327,0
DA:332,1
LF:106
LH:80
BRDA:18,0,0,4
BRDA:18,0,1,5
BRDA:43,1,0,6
BRDA:43,1,1,7
BRDA:65,2,0,2
BRDA:65,2,1,6
BRDA:65,3,0,8
BRDA:65,3,1,7
BRDA:70,4,0,5
BRDA:70,4,1,0
BRDA:71,5,0,5
BRDA:71,5,1,0
BRDA:72,6,0,5
BRDA:72,6,1,0
BRDA:73,7,0,5
BRDA:73,7,1,0
BRDA:75,8,0,5
BRDA:75,8,1,4
BRDA:79,9,0,5
BRDA:79,9,1,4
BRDA:80,10,0,5
BRDA:80,10,1,4
BRDA:82,11,0,5
BRDA:82,11,1,0
BRDA:97,12,0,1
BRDA:97,12,1,3
BRDA:97,13,0,4
BRDA:97,13,1,3
BRDA:115,14,0,3
BRDA:115,14,1,3
BRDA:116,15,0,3
BRDA:116,15,1,3
BRDA:117,16,0,3
BRDA:117,16,1,3
BRDA:123,17,0,3
BRDA:123,17,1,3
BRDA:124,18,0,3
BRDA:124,18,1,3
BRDA:135,19,0,0
BRDA:136,20,0,0
BRDA:136,21,0,5
BRDA:141,22,0,1
BRDA:141,22,1,4
BRDA:149,23,0,1
BRDA:149,23,1,3
BRDA:149,24,0,4
BRDA:149,24,1,1
BRDA:161,25,0,2
BRDA:161,25,1,1
BRDA:162,26,0,2
BRDA:162,26,1,0
BRDA:169,27,0,3
BRDA:169,27,1,0
BRDA:173,28,0,1
BRDA:173,28,1,1
BRDA:180,29,0,2
BRDA:180,29,1,0
BRDA:184,30,0,1
BRDA:184,30,1,1
BRDA:191,31,0,1
BRDA:191,31,1,1
BRDA:191,32,0,2
BRDA:191,32,1,2
BRDA:195,33,0,1
BRDA:195,33,1,0
BRDA:198,34,0,1
BRDA:198,34,1,0
BRDA:228,35,0,1
BRDA:228,35,1,5
BRDA:238,36,0,1
BRDA:238,36,1,4
BRDA:242,37,0,1
BRDA:242,37,1,4
BRDA:247,38,0,4
BRDA:247,38,1,1
BRDA:250,39,0,1
BRDA:250,39,1,3
BRDA:259,40,0,4
BRDA:259,40,1,1
BRDA:262,41,0,0
BRDA:262,41,1,3
BRDA:272,42,0,3
BRDA:272,42,1,2
BRDA:278,43,0,0
BRDA:278,43,1,1
BRDA:289,44,0,0
BRDA:289,44,1,0
BRDA:306,45,0,0
BRDA:306,45,1,0
BRDA:308,46,0,0
BRDA:308,46,1,0
BRDA:312,47,0,0
BRDA:312,47,1,0
BRDA:312,48,0,0
BRDA:312,48,1,0
BRDA:314,49,0,0
BRDA:314,49,1,0
BRF:97
BRH:71
end_of_record
TN:
SF:src/cli/index.js
FN:8,startTerminalUI
FN:29,initializeApplication
FN:53,(anonymous_2)
FN:64,(anonymous_3)
FN:66,(anonymous_4)
FN:83,(anonymous_5)
FN:86,(anonymous_6)
FN:105,(anonymous_7)
FN:106,(anonymous_8)
FN:123,(anonymous_9)
FN:124,(anonymous_10)
FNF:11
FNH:1
FNDA:0,startTerminalUI
FNDA:39,initializeApplication
FNDA:0,(anonymous_2)
FNDA:0,(anonymous_3)
FNDA:0,(anonymous_4)
FNDA:0,(anonymous_5)
FNDA:0,(anonymous_6)
FNDA:0,(anonymous_7)
FNDA:0,(anonymous_8)
FNDA:0,(anonymous_9)
FNDA:0,(anonymous_10)
DA:1,5
DA:2,5
DA:3,5
DA:10,0
DA:12,0
DA:14,0
DA:15,0
DA:17,0
DA:18,0
DA:20,0
DA:21,0
DA:22,0
DA:30,39
DA:32,39
DA:35,16
DA:38,16
DA:44,16
DA:50,16
DA:55,0
DA:56,0
DA:61,16
DA:64,0
DA:67,0
DA:68,0
DA:70,0
DA:71,0
DA:72,0
DA:74,0
DA:75,0
DA:80,16
DA:83,0
DA:87,0
DA:88,0
DA:90,0
DA:91,0
DA:92,0
DA:94,0
DA:95,0
DA:100,16
DA:105,0
DA:107,0
DA:108,0
DA:110,0
DA:111,0
DA:112,0
DA:114,0
DA:115,0
DA:120,16
DA:123,0
DA:125,0
DA:126,0
DA:128,0
DA:129,0
DA:130,0
DA:132,0
DA:133,0
DA:138,16
DA:141,16
DA:143,23
DA:146,23
DA:147,23
DA:148,23
DA:149,23
DA:152,23
DA:156,5
LF:65
LH:22
BRDA:146,0,0,23
BRDA:146,0,1,0
BRDA:146,1,0,23
BRDA:146,1,1,0
BRF:4
BRH:2
end_of_record
TN:
SF:src/cli/commands/logs.js
FN:9,(anonymous_0)
FN:15,(anonymous_1)
FN:21,(anonymous_2)
FN:35,(anonymous_3)
FN:47,(anonymous_4)
FN:68,(anonymous_5)
FN:83,(anonymous_6)
FN:115,(anonymous_7)
FN:125,(anonymous_8)
FN:135,(anonymous_9)
FN:148,(anonymous_10)
FN:158,(anonymous_11)
FN:181,(anonymous_12)
FN:191,(anonymous_13)
FN:199,(anonymous_14)
FN:203,(anonymous_15)
FN:212,(anonymous_16)
FN:228,(anonymous_17)
FN:230,(anonymous_18)
FN:232,(anonymous_19)
FN:235,(anonymous_20)
FN:244,(anonymous_21)
FN:251,(anonymous_22)
FN:254,(anonymous_23)
FN:259,(anonymous_24)
FN:265,(anonymous_25)
FN:269,(anonymous_26)
FN:280,(anonymous_27)
FN:283,(anonymous_28)
FN:302,(anonymous_29)
FN:305,(anonymous_30)
FN:310,(anonymous_31)
FN:318,(anonymous_32)
FN:323,(anonymous_33)
FN:335,(anonymous_34)
FN:343,(anonymous_35)
FN:355,(anonymous_36)
FN:359,(anonymous_37)
FN:364,(anonymous_38)
FNF:39
FNH:37
FNDA:25,(anonymous_0)
FNDA:39,(anonymous_1)
FNDA:6,(anonymous_2)
FNDA:7,(anonymous_3)
FNDA:7,(anonymous_4)
FNDA:4,(anonymous_5)
FNDA:6,(anonymous_6)
FNDA:4,(anonymous_7)
FNDA:4,(anonymous_8)
FNDA:4,(anonymous_9)
FNDA:6,(anonymous_10)
FNDA:4,(anonymous_11)
FNDA:3,(anonymous_12)
FNDA:7,(anonymous_13)
FNDA:7,(anonymous_14)
FNDA:6,(anonymous_15)
FNDA:4,(anonymous_16)
FNDA:6,(anonymous_17)
FNDA:5,(anonymous_18)
FNDA:5,(anonymous_19)
FNDA:5,(anonymous_20)
FNDA:1,(anonymous_21)
FNDA:1,(anonymous_22)
FNDA:0,(anonymous_23)
FNDA:0,(anonymous_24)
FNDA:4,(anonymous_25)
FNDA:7,(anonymous_26)
FNDA:2,(anonymous_27)
FNDA:6,(anonymous_28)
FNDA:2,(anonymous_29)
FNDA:2,(anonymous_30)
FNDA:4,(anonymous_31)
FNDA:4,(anonymous_32)
FNDA:1,(anonymous_33)
FNDA:11,(anonymous_34)
FNDA:9,(anonymous_35)
FNDA:3,(anonymous_36)
FNDA:13,(anonymous_37)
FNDA:5,(anonymous_38)
DA:1,1
DA:2,1
DA:3,1
DA:4,1
DA:5,1
DA:6,1
DA:10,25
DA:11,25
DA:12,25
DA:16,39
DA:17,20
DA:22,6
DA:24,6
DA:25,6
DA:26,1
DA:27,0
DA:29,1
DA:31,1
DA:34,5
DA:35,7
DA:37,4
DA:38,1
DA:39,0
DA:41,1
DA:43,1
DA:46,3
DA:48,7
DA:49,7
DA:51,7
DA:52,7
DA:53,7
DA:54,7
DA:56,7
DA:68,4
DA:70,3
DA:72,3
DA:73,1
DA:75,2
DA:78,1
DA:79,1
DA:84,6
DA:86,6
DA:87,6
DA:88,6
DA:89,1
DA:92,5
DA:93,1
DA:94,1
DA:98,4
DA:99,1
DA:101,3
DA:104,3
DA:105,1
DA:107,2
DA:110,2
DA:111,2
DA:116,4
DA:118,4
DA:119,4
DA:120,1
DA:121,1
DA:124,3
DA:125,4
DA:127,3
DA:128,0
DA:129,0
DA:132,3
DA:133,3
DA:135,3
DA:136,4
DA:138,4
DA:139,2
DA:140,2
DA:141,1
DA:145,3
DA:146,3
DA:148,3
DA:149,6
DA:150,2
DA:151,2
DA:153,2
DA:158,4
DA:170,3
DA:171,1
DA:173,2
DA:176,0
DA:177,0
DA:182,3
DA:184,3
DA:185,3
DA:186,0
DA:187,0
DA:190,3
DA:191,7
DA:193,3
DA:194,0
DA:195,0
DA:198,3
DA:200,7
DA:201,7
DA:204,6
DA:205,6
DA:212,4
DA:214,3
DA:216,3
DA:217,1
DA:219,2
DA:220,2
DA:223,0
DA:224,0
DA:229,6
DA:230,6
DA:232,6
DA:234,6
DA:235,6
DA:236,5
DA:237,5
DA:241,6
DA:245,1
DA:246,1
DA:247,1
DA:248,1
DA:252,1
DA:254,1
DA:255,0
DA:256,0
DA:259,1
DA:260,0
DA:261,0
DA:266,4
DA:267,4
DA:269,4
DA:270,7
DA:271,7
DA:273,7
DA:281,2
DA:283,2
DA:284,6
DA:286,5
DA:287,5
DA:288,1
DA:289,1
DA:291,1
DA:293,1
DA:294,0
DA:297,4
DA:303,2
DA:305,2
DA:306,2
DA:308,2
DA:310,2
DA:311,4
DA:312,4
DA:313,4
DA:319,4
DA:320,4
DA:324,1
DA:332,1
DA:336,11
DA:337,10
DA:338,10
DA:339,10
DA:340,10
DA:344,9
DA:345,9
DA:346,9
DA:348,9
DA:349,2
DA:350,2
DA:351,1
DA:352,1
DA:356,3
DA:360,13
DA:361,13
DA:365,5
DA:366,5
DA:367,3
DA:368,2
DA:372,1
LF:179
LH:162
BRDA:16,0,0,20
BRDA:16,0,1,19
BRDA:21,1,0,4
BRDA:25,2,0,1
BRDA:25,2,1,5
BRDA:26,3,0,0
BRDA:26,3,1,1
BRDA:37,4,0,1
BRDA:37,4,1,3
BRDA:38,5,0,0
BRDA:38,5,1,1
BRDA:70,6,0,1
BRDA:70,6,1,2
BRDA:72,7,0,1
BRDA:72,7,1,2
BRDA:83,8,0,3
BRDA:88,9,0,1
BRDA:88,9,1,5
BRDA:92,10,0,1
BRDA:92,10,1,4
BRDA:98,11,0,1
BRDA:98,11,1,3
BRDA:104,12,0,1
BRDA:104,12,1,2
BRDA:115,13,0,3
BRDA:119,14,0,1
BRDA:119,14,1,3
BRDA:127,15,0,0
BRDA:127,15,1,3
BRDA:138,16,0,2
BRDA:138,16,1,2
BRDA:138,17,0,4
BRDA:138,17,1,2
BRDA:140,18,0,1
BRDA:140,18,1,1
BRDA:149,19,0,2
BRDA:149,19,1,4
BRDA:150,20,0,2
BRDA:150,20,1,2
BRDA:151,21,0,2
BRDA:151,21,1,2
BRDA:160,22,0,2
BRDA:160,22,1,2
BRDA:170,23,0,1
BRDA:170,23,1,2
BRDA:181,24,0,2
BRDA:185,25,0,0
BRDA:185,25,1,3
BRDA:193,26,0,0
BRDA:193,26,1,3
BRDA:214,27,0,1
BRDA:214,27,1,2
BRDA:216,28,0,1
BRDA:216,28,1,2
BRDA:232,29,0,5
BRDA:232,29,1,5
BRDA:234,30,0,6
BRDA:234,30,1,0
BRDA:241,31,0,5
BRDA:241,31,1,1
BRDA:271,32,0,0
BRDA:271,32,1,7
BRDA:284,33,0,1
BRDA:284,33,1,5
BRDA:293,34,0,0
BRDA:293,34,1,1
BRDA:293,35,0,1
BRDA:293,35,1,0
BRDA:306,36,0,0
BRDA:306,36,1,2
BRDA:311,37,0,2
BRDA:311,37,1,2
BRDA:332,38,0,1
BRDA:332,38,1,0
BRDA:336,39,0,1
BRDA:336,39,1,10
BRDA:348,40,0,7
BRDA:348,40,1,2
BRDA:350,41,0,1
BRDA:350,41,1,1
BRDA:366,42,0,2
BRDA:366,42,1,3
BRDA:366,43,0,5
BRDA:366,43,1,5
BRDA:367,44,0,1
BRDA:367,44,1,2
BRDA:367,45,0,3
BRDA:367,45,1,3
BRF:88
BRH:77
end_of_record
TN:
SF:src/cli/validators/environment.js
FN:15,validateGitWorkingTree
FN:62,validateEnvironment
FN:76,(anonymous_2)
FN:103,(anonymous_3)
FN:129,(anonymous_4)
FN:143,validateApiKey
FNF:6
FNH:6
FNDA:13,validateGitWorkingTree
FNDA:25,validateEnvironment
FNDA:21,(anonymous_2)
FNDA:21,(anonymous_3)
FNDA:30,(anonymous_4)
FNDA:25,validateApiKey
DA:1,8
DA:2,8
DA:3,8
DA:4,8
DA:5,8
DA:6,8
DA:7,8
DA:8,8
DA:10,8
DA:16,13
DA:17,13
DA:19,13
DA:21,13
DA:23,9
DA:24,4
DA:25,4
DA:33,5
DA:48,4
DA:50,9
DA:51,2
DA:52,2
DA:55,9
DA:64,25
DA:65,25
DA:66,4
DA:74,21
DA:77,21
DA:78,21
DA:82,12
DA:83,12
DA:84,3
DA:91,12
DA:92,3
DA:94,9
DA:104,21
DA:105,21
DA:112,13
DA:113,0
DA:126,21
DA:129,21
DA:130,30
DA:133,12
DA:134,12
DA:144,25
DA:145,25
DA:147,25
DA:148,25
DA:150,17
DA:151,2
DA:152,2
DA:154,15
DA:155,5
DA:156,5
DA:161,10
DA:162,5
DA:163,5
DA:169,5
DA:176,23
DA:177,19
DA:179,4
DA:187,8
LF:61
LH:60
BRDA:23,0,0,4
BRDA:23,0,1,5
BRDA:50,1,0,2
BRDA:50,1,1,7
BRDA:65,2,0,4
BRDA:65,2,1,21
BRDA:83,3,0,3
BRDA:83,3,1,9
BRDA:83,4,0,12
BRDA:83,4,1,11
BRDA:91,5,0,3
BRDA:91,5,1,9
BRDA:112,6,0,0
BRDA:112,6,1,13
BRDA:130,7,0,12
BRDA:130,7,1,18
BRDA:133,8,0,12
BRDA:133,8,1,0
BRDA:150,9,0,2
BRDA:150,9,1,15
BRDA:154,10,0,5
BRDA:154,10,1,10
BRDA:161,11,0,5
BRDA:161,11,1,5
BRDA:176,12,0,19
BRDA:176,12,1,4
BRDA:176,13,0,23
BRDA:176,13,1,11
BRF:28
BRH:26
end_of_record
TN:
SF:src/core/agent-manager.js
FN:58,(anonymous_0)
FN:72,(anonymous_1)
FN:94,(anonymous_2)
FN:139,(anonymous_3)
FN:146,(anonymous_4)
FN:158,(anonymous_5)
FN:160,(anonymous_6)
FN:168,(anonymous_7)
FN:202,(anonymous_8)
FN:253,(anonymous_9)
FN:271,(anonymous_10)
FN:340,(anonymous_11)
FN:343,(anonymous_12)
FN:381,(anonymous_13)
FN:414,(anonymous_14)
FN:422,(anonymous_15)
FN:441,(anonymous_16)
FN:458,(anonymous_17)
FN:477,(anonymous_18)
FN:519,(anonymous_19)
FN:527,(anonymous_20)
FN:535,(anonymous_21)
FN:558,(anonymous_22)
FN:622,(anonymous_23)
FN:623,(anonymous_24)
FN:661,(anonymous_25)
FN:732,(anonymous_26)
FN:787,(anonymous_27)
FN:817,(anonymous_28)
FN:818,(anonymous_29)
FN:837,(anonymous_30)
FN:854,(anonymous_31)
FN:905,(anonymous_32)
FN:928,(anonymous_33)
FN:953,(anonymous_34)
FN:993,(anonymous_35)
FN:1240,(anonymous_36)
FN:1248,(anonymous_37)
FN:1281,(anonymous_38)
FN:1344,(anonymous_39)
FN:1378,(anonymous_40)
FN:1404,(anonymous_41)
FN:1405,(anonymous_42)
FN:1444,(anonymous_43)
FN:1469,(anonymous_44)
FN:1470,(anonymous_45)
FN:1501,(anonymous_46)
FN:1513,(anonymous_47)
FN:1526,(anonymous_48)
FN:1534,(anonymous_49)
FN:1557,(anonymous_50)
FN:1590,(anonymous_51)
FN:1602,(anonymous_52)
FN:1728,(anonymous_53)
FN:1735,(anonymous_54)
FN:1743,(anonymous_55)
FN:1750,(anonymous_56)
FN:1762,(anonymous_57)
FN:1775,(anonymous_58)
FN:1825,(anonymous_59)
FN:1832,(anonymous_60)
FN:1854,(anonymous_61)
FN:1861,(anonymous_62)
FN:1899,(anonymous_63)
FN:1914,(anonymous_64)
FN:1925,(anonymous_65)
FN:1935,(anonymous_66)
FN:1967,(anonymous_67)
FN:1978,(anonymous_68)
FN:1989,(anonymous_69)
FN:2003,(anonymous_70)
FN:2023,(anonymous_71)
FNF:72
FNH:66
FNDA:208,(anonymous_0)
FNDA:130,(anonymous_1)
FNDA:122,(anonymous_2)
FNDA:4,(anonymous_3)
FNDA:0,(anonymous_4)
FNDA:122,(anonymous_5)
FNDA:0,(anonymous_6)
FNDA:122,(anonymous_7)
FNDA:122,(anonymous_8)
FNDA:0,(anonymous_9)
FNDA:0,(anonymous_10)
FNDA:286,(anonymous_11)
FNDA:177,(anonymous_12)
FNDA:101,(anonymous_13)
FNDA:2,(anonymous_14)
FNDA:2,(anonymous_15)
FNDA:1,(anonymous_16)
FNDA:54,(anonymous_17)
FNDA:43,(anonymous_18)
FNDA:152,(anonymous_19)
FNDA:49,(anonymous_20)
FNDA:50,(anonymous_21)
FNDA:52,(anonymous_22)
FNDA:49,(anonymous_23)
FNDA:49,(anonymous_24)
FNDA:47,(anonymous_25)
FNDA:44,(anonymous_26)
FNDA:5,(anonymous_27)
FNDA:3,(anonymous_28)
FNDA:3,(anonymous_29)
FNDA:2,(anonymous_30)
FNDA:2,(anonymous_31)
FNDA:126,(anonymous_32)
FNDA:558,(anonymous_33)
FNDA:69,(anonymous_34)
FNDA:47,(anonymous_35)
FNDA:43,(anonymous_36)
FNDA:52,(anonymous_37)
FNDA:51,(anonymous_38)
FNDA:100,(anonymous_39)
FNDA:3,(anonymous_40)
FNDA:2,(anonymous_41)
FNDA:1,(anonymous_42)
FNDA:1,(anonymous_43)
FNDA:1,(anonymous_44)
FNDA:1,(anonymous_45)
FNDA:108,(anonymous_46)
FNDA:0,(anonymous_47)
FNDA:5,(anonymous_48)
FNDA:4,(anonymous_49)
FNDA:3,(anonymous_50)
FNDA:23,(anonymous_51)
FNDA:15,(anonymous_52)
FNDA:7,(anonymous_53)
FNDA:6,(anonymous_54)
FNDA:6,(anonymous_55)
FNDA:5,(anonymous_56)
FNDA:12,(anonymous_57)
FNDA:6,(anonymous_58)
FNDA:14,(anonymous_59)
FNDA:17,(anonymous_60)
FNDA:7,(anonymous_61)
FNDA:3,(anonymous_62)
FNDA:7,(anonymous_63)
FNDA:10,(anonymous_64)
FNDA:3,(anonymous_65)
FNDA:0,(anonymous_66)
FNDA:9,(anonymous_67)
FNDA:2,(anonymous_68)
FNDA:2,(anonymous_69)
FNDA:4,(anonymous_70)
FNDA:2,(anonymous_71)
DA:1,11
DA:2,11
DA:3,11
DA:4,11
DA:5,11
DA:9,11
DA:10,11
DA:11,11
DA:12,11
DA:13,11
DA:14,11
DA:15,11
DA:19,11
DA:21,11
DA:23,0
DA:27,11
DA:41,11
DA:52,11
DA:59,208
DA:60,208
DA:61,208
DA:62,208
DA:63,208
DA:64,208
DA:65,208
DA:66,208
DA:74,130
DA:75,8
DA:80,122
DA:82,122
DA:83,122
DA:84,122
DA:85,122
DA:88,0
DA:89,0
DA:95,122
DA:96,122
DA:99,122
DA:102,122
DA:108,122
DA:114,122
DA:117,122
DA:123,122
DA:129,0
DA:132,0
DA:140,4
DA:147,0
DA:148,0
DA:149,0
DA:150,0
DA:152,0
DA:160,122
DA:161,0
DA:169,122
DA:171,122
DA:172,122
DA:173,100
DA:174,100
DA:178,22
DA:183,22
DA:184,21
DA:189,1
DA:195,1
DA:203,122
DA:204,122
DA:205,122
DA:208,122
DA:210,122
DA:211,122
DA:213,2
DA:218,2
DA:220,2
DA:222,1
DA:224,1
DA:225,1
DA:227,1
DA:236,122
DA:238,122
DA:243,0
DA:254,0
DA:260,0
DA:266,0
DA:270,0
DA:271,0
DA:274,0
DA:276,0
DA:321,0
DA:324,0
DA:329,0
DA:341,286
DA:343,286
DA:358,286
DA:363,286
DA:367,286
DA:369,0
DA:370,0
DA:382,101
DA:384,101
DA:390,97
DA:395,97
DA:401,4
DA:415,2
DA:424,2
DA:425,1
DA:429,1
DA:443,1
DA:444,1
DA:447,1
DA:459,54
DA:460,54
DA:461,54
DA:462,2
DA:464,52
DA:466,0
DA:470,0
DA:478,43
DA:480,43
DA:482,43
DA:484,43
DA:489,43
DA:495,43
DA:497,0
DA:504,0
DA:505,0
DA:508,0
DA:520,152
DA:528,49
DA:529,49
DA:537,50
DA:539,50
DA:540,35
DA:541,35
DA:542,34
DA:544,1
DA:552,49
DA:559,52
DA:561,52
DA:562,52
DA:563,2
DA:567,50
DA:568,50
DA:573,2
DA:583,48
DA:584,48
DA:592,48
DA:593,37
DA:599,0
DA:604,48
DA:611,0
DA:623,49
DA:624,49
DA:625,49
DA:628,49
DA:629,49
DA:630,2
DA:637,2
DA:641,47
DA:644,47
DA:645,47
DA:647,47
DA:655,47
DA:662,47
DA:664,47
DA:665,3
DA:675,3
DA:677,3
DA:686,44
DA:687,44
DA:689,44
DA:700,44
DA:701,0
DA:707,0
DA:715,0
DA:716,0
DA:717,0
DA:721,44
DA:726,44
DA:733,44
DA:734,0
DA:742,0
DA:744,0
DA:751,0
DA:754,44
DA:760,44
DA:774,0
DA:779,0
DA:788,5
DA:789,5
DA:795,5
DA:796,0
DA:799,0
DA:802,5
DA:803,5
DA:804,4
DA:807,1
DA:818,3
DA:819,3
DA:820,1
DA:821,1
DA:824,2
DA:828,2
DA:831,2
DA:838,2
DA:839,1
DA:844,1
DA:848,2
DA:855,2
DA:856,1
DA:866,1
DA:868,1
DA:869,0
DA:872,0
DA:873,0
DA:876,1
DA:877,1
DA:880,1
DA:882,0
DA:886,0
DA:889,1
DA:893,1
DA:906,126
DA:907,13
DA:914,113
DA:919,113
DA:920,4
DA:928,109
DA:929,558
DA:930,27
DA:939,82
DA:940,3
DA:947,79
DA:954,69
DA:955,9
DA:958,60
DA:961,60
DA:962,11
DA:965,11
DA:966,11
DA:967,7
DA:968,3
DA:974,4
DA:976,7
DA:977,3
DA:979,4
DA:987,53
DA:994,47
DA:997,47
DA:999,47
DA:1000,3
DA:1001,3
DA:1005,47
DA:1007,47
DA:1008,47
DA:1010,47
DA:1015,47
DA:1016,47
DA:1017,1
DA:1025,46
DA:1027,46
DA:1036,46
DA:1037,0
DA:1038,0
DA:1039,0
DA:1043,46
DA:1045,46
DA:1051,46
DA:1052,43
DA:1054,43
DA:1062,43
DA:1065,43
DA:1067,43
DA:1074,43
DA:1092,43
DA:1095,43
DA:1098,43
DA:1104,43
DA:1106,43
DA:1114,43
DA:1115,43
DA:1118,43
DA:1120,43
DA:1128,43
DA:1134,43
DA:1139,43
DA:1141,43
DA:1149,43
DA:1157,43
DA:1158,43
DA:1159,43
DA:1162,43
DA:1163,43
DA:1166,43
DA:1167,16
DA:1168,16
DA:1172,14
DA:1177,2
DA:1185,43
DA:1186,43
DA:1187,43
DA:1193,43
DA:1195,43
DA:1202,43
DA:1204,43
DA:1221,43
DA:1223,4
DA:1225,4
DA:1232,4
DA:1249,52
DA:1250,52
DA:1251,0
DA:1255,52
DA:1256,52
DA:1257,1
DA:1260,51
DA:1261,51
DA:1267,51
DA:1273,51
DA:1278,51
DA:1281,51
DA:1282,51
DA:1283,51
DA:1286,51
DA:1289,28
DA:1290,46
DA:1297,45
DA:1301,25
DA:1302,25
DA:1303,22
DA:1306,25
DA:1308,26
DA:1315,26
DA:1316,26
DA:1317,26
DA:1318,26
DA:1320,0
DA:1328,51
DA:1332,0
DA:1336,0
DA:1337,0
DA:1345,100
DA:1346,100
DA:1349,97
DA:1350,1
DA:1354,97
DA:1361,97
DA:1362,0
DA:1366,97
DA:1367,28
DA:1379,3
DA:1388,97
DA:1389,2
DA:1390,2
DA:1396,2
DA:1404,2
DA:1405,2
DA:1406,1
DA:1413,0
DA:1419,0
DA:1427,0
DA:1432,97
DA:1434,97
DA:1445,1
DA:1446,1
DA:1448,1
DA:1451,1
DA:1452,1
DA:1456,1
DA:1457,0
DA:1461,1
DA:1468,1
DA:1469,1
DA:1470,1
DA:1471,1
DA:1479,1
DA:1480,0
DA:1484,1
DA:1485,0
DA:1489,1
DA:1491,1
DA:1502,108
DA:1503,108
DA:1504,107
DA:1505,107
DA:1513,107
DA:1514,0
DA:1527,5
DA:1535,4
DA:1544,4
DA:1545,4
DA:1550,4
DA:1558,3
DA:1559,3
DA:1560,3
DA:1561,3
DA:1563,3
DA:1564,1
DA:1565,1
DA:1566,2
DA:1567,1
DA:1568,1
DA:1569,0
DA:1570,1
DA:1571,1
DA:1574,3
DA:1581,3
DA:1582,1
DA:1591,23
DA:1603,15
DA:1604,15
DA:1605,0
DA:1608,15
DA:1610,15
DA:1611,7
DA:1612,7
DA:1613,5
DA:1615,2
DA:1623,15
DA:1624,15
DA:1627,15
DA:1628,4
DA:1629,4
DA:1631,11
DA:1632,11
DA:1637,15
DA:1638,15
DA:1639,15
DA:1647,15
DA:1648,3
DA:1653,2
DA:1659,12
DA:1663,12
DA:1669,1
DA:1670,1
DA:1677,1
DA:1678,1
DA:1681,0
DA:1682,0
DA:1688,14
DA:1691,14
DA:1692,14
DA:1693,14
DA:1697,0
DA:1701,14
DA:1709,14
DA:1712,14
DA:1713,14
DA:1715,14
DA:1717,1
DA:1721,1
DA:1729,7
DA:1736,6
DA:1744,6
DA:1751,5
DA:1752,5
DA:1754,4
DA:1755,4
DA:1756,4
DA:1763,12
DA:1764,12
DA:1766,12
DA:1767,4
DA:1769,8
DA:1776,6
DA:1777,6
DA:1778,1
DA:1785,5
DA:1786,5
DA:1787,5
DA:1789,5
DA:1791,1
DA:1792,1
DA:1793,1
DA:1795,1
DA:1796,1
DA:1797,1
DA:1799,1
DA:1800,1
DA:1801,1
DA:1803,1
DA:1804,1
DA:1805,1
DA:1807,1
DA:1808,1
DA:1809,1
DA:1811,0
DA:1812,0
DA:1815,5
DA:1826,14
DA:1828,14
DA:1829,6
DA:1832,17
DA:1834,8
DA:1835,4
DA:1838,4
DA:1839,2
DA:1843,2
DA:1848,2
DA:1855,7
DA:1862,3
DA:1863,3
DA:1866,2
DA:1867,2
DA:1870,2
DA:1871,2
DA:1874,2
DA:1876,2
DA:1900,7
DA:1901,7
DA:1904,5
DA:1909,0
DA:1913,5
DA:1914,10
DA:1926,3
DA:1927,3
DA:1928,0
DA:1929,0
DA:1933,3
DA:1935,3
DA:1936,0
DA:1937,0
DA:1938,0
DA:1940,0
DA:1941,0
DA:1946,0
DA:1953,0
DA:1957,3
DA:1961,3
DA:1968,9
DA:1969,2
DA:1970,2
DA:1971,2
DA:1979,2
DA:1980,1
DA:1983,1
DA:1990,2
DA:1991,1
DA:1994,1
DA:2004,4
DA:2006,4
DA:2008,4
DA:2011,4
DA:2012,4
DA:2016,3
DA:2017,3
DA:2018,1
DA:2022,1
DA:2023,2
DA:2027,3
DA:2029,1
DA:2032,1
DA:2037,11
DA:2038,11
LF:552
LH:469
BRDA:74,0,0,8
BRDA:74,0,1,122
BRDA:103,1,0,122
BRDA:103,1,1,122
BRDA:104,2,0,122
BRDA:104,2,1,122
BRDA:126,3,0,21
BRDA:126,3,1,101
BRDA:147,4,0,0
BRDA:147,4,1,0
BRDA:149,5,0,0
BRDA:149,5,1,0
BRDA:172,6,0,100
BRDA:172,6,1,22
BRDA:172,7,0,122
BRDA:172,7,1,25
BRDA:180,8,0,22
BRDA:180,8,1,0
BRDA:186,9,0,21
BRDA:186,9,1,0
BRDA:204,10,0,122
BRDA:204,10,1,0
BRDA:210,11,0,122
BRDA:210,11,1,45
BRDA:220,12,0,1
BRDA:220,12,1,1
BRDA:230,13,0,1
BRDA:230,13,1,0
BRDA:271,14,0,0
BRDA:271,14,1,0
BRDA:274,15,0,0
BRDA:274,15,1,0
BRDA:274,16,0,0
BRDA:274,16,1,0
BRDA:354,17,0,177
BRDA:354,17,1,3
BRDA:424,18,0,1
BRDA:424,18,1,1
BRDA:432,19,0,1
BRDA:432,19,1,0
BRDA:433,20,0,1
BRDA:433,20,1,1
BRDA:443,21,0,1
BRDA:443,21,1,1
BRDA:444,22,0,1
BRDA:444,22,1,1
BRDA:461,23,0,2
BRDA:461,23,1,52
BRDA:464,24,0,52
BRDA:464,24,1,0
BRDA:504,25,0,0
BRDA:504,25,1,0
BRDA:539,26,0,35
BRDA:539,26,1,15
BRDA:562,27,0,2
BRDA:562,27,1,50
BRDA:592,28,0,37
BRDA:592,28,1,11
BRDA:629,29,0,2
BRDA:629,29,1,47
BRDA:664,30,0,3
BRDA:664,30,1,44
BRDA:679,31,0,3
BRDA:679,31,1,0
BRDA:687,32,0,44
BRDA:687,32,1,44
BRDA:700,33,0,0
BRDA:700,33,1,44
BRDA:700,34,0,44
BRDA:700,34,1,44
BRDA:733,35,0,0
BRDA:733,35,1,44
BRDA:795,36,0,0
BRDA:795,36,1,5
BRDA:802,37,0,5
BRDA:802,37,1,0
BRDA:819,38,0,1
BRDA:819,38,1,2
BRDA:819,39,0,3
BRDA:819,39,1,3
BRDA:838,40,0,1
BRDA:838,40,1,1
BRDA:855,41,0,1
BRDA:855,41,1,1
BRDA:868,42,0,0
BRDA:868,42,1,1
BRDA:906,43,0,13
BRDA:906,43,1,113
BRDA:906,44,0,126
BRDA:906,44,1,116
BRDA:919,45,0,4
BRDA:919,45,1,109
BRDA:929,46,0,27
BRDA:929,46,1,531
BRDA:939,47,0,3
BRDA:939,47,1,79
BRDA:954,48,0,9
BRDA:954,48,1,60
BRDA:954,49,0,69
BRDA:954,49,1,63
BRDA:961,50,0,11
BRDA:961,50,1,49
BRDA:967,51,0,3
BRDA:967,51,1,4
BRDA:976,52,0,3
BRDA:976,52,1,4
BRDA:993,53,0,47
BRDA:999,54,0,3
BRDA:999,54,1,44
BRDA:1016,55,0,1
BRDA:1016,55,1,46
BRDA:1025,56,0,46
BRDA:1025,56,1,46
BRDA:1025,56,2,46
BRDA:1036,57,0,0
BRDA:1036,57,1,46
BRDA:1095,58,0,43
BRDA:1095,58,1,0
BRDA:1166,59,0,16
BRDA:1166,59,1,27
BRDA:1185,60,0,43
BRDA:1185,60,1,0
BRDA:1226,61,0,4
BRDA:1226,61,1,1
BRDA:1250,62,0,0
BRDA:1250,62,1,52
BRDA:1255,63,0,52
BRDA:1255,63,1,0
BRDA:1256,64,0,1
BRDA:1256,64,1,51
BRDA:1278,65,0,51
BRDA:1278,65,1,0
BRDA:1302,66,0,22
BRDA:1302,66,1,3
BRDA:1302,67,0,25
BRDA:1302,67,1,23
BRDA:1316,68,0,26
BRDA:1316,68,1,0
BRDA:1346,69,0,3
BRDA:1346,69,1,97
BRDA:1349,70,0,1
BRDA:1349,70,1,96
BRDA:1356,71,0,97
BRDA:1356,71,1,1
BRDA:1357,72,0,97
BRDA:1357,72,1,7
BRDA:1361,73,0,0
BRDA:1361,73,1,97
BRDA:1366,74,0,28
BRDA:1366,74,1,69
BRDA:1369,75,0,28
BRDA:1369,75,1,5
BRDA:1371,76,0,28
BRDA:1371,76,1,1
BRDA:1388,77,0,2
BRDA:1388,77,1,95
BRDA:1389,78,0,2
BRDA:1389,78,1,0
BRDA:1437,79,0,97
BRDA:1437,79,1,1
BRDA:1446,80,0,0
BRDA:1446,80,1,1
BRDA:1451,81,0,1
BRDA:1451,81,1,0
BRDA:1456,82,0,0
BRDA:1456,82,1,1
BRDA:1479,83,0,0
BRDA:1479,83,1,1
BRDA:1484,84,0,0
BRDA:1484,84,1,1
BRDA:1503,85,0,107
BRDA:1503,85,1,1
BRDA:1557,86,0,2
BRDA:1559,87,0,3
BRDA:1559,87,1,0
BRDA:1563,88,0,1
BRDA:1563,88,1,2
BRDA:1566,89,0,1
BRDA:1566,89,1,1
BRDA:1568,90,0,0
BRDA:1568,90,1,1
BRDA:1570,91,0,1
BRDA:1570,91,1,0
BRDA:1571,92,0,1
BRDA:1571,92,1,0
BRDA:1581,93,0,1
BRDA:1581,93,1,2
BRDA:1581,94,0,3
BRDA:1581,94,1,2
BRDA:1602,95,0,11
BRDA:1604,96,0,0
BRDA:1604,96,1,15
BRDA:1610,97,0,7
BRDA:1610,97,1,8
BRDA:1623,98,0,15
BRDA:1623,98,1,0
BRDA:1623,99,0,15
BRDA:1623,99,1,3
BRDA:1625,100,0,15
BRDA:1625,100,1,3
BRDA:1627,101,0,4
BRDA:1627,101,1,11
BRDA:1637,102,0,15
BRDA:1637,102,1,0
BRDA:1637,103,0,15
BRDA:1637,103,1,15
BRDA:1647,104,0,3
BRDA:1647,104,1,12
BRDA:1660,105,0,12
BRDA:1660,105,1,11
BRDA:1661,106,0,12
BRDA:1661,106,1,12
BRDA:1669,107,0,1
BRDA:1669,107,1,0
BRDA:1677,108,0,1
BRDA:1677,108,1,0
BRDA:1681,109,0,0
BRDA:1681,109,1,0
BRDA:1681,110,0,0
BRDA:1681,110,1,0
BRDA:1691,111,0,14
BRDA:1691,111,1,0
BRDA:1694,112,0,14
BRDA:1694,112,1,13
BRDA:1695,113,0,14
BRDA:1695,113,1,14
BRDA:1752,114,0,1
BRDA:1752,114,1,4
BRDA:1766,115,0,4
BRDA:1766,115,1,8
BRDA:1777,116,0,1
BRDA:1777,116,1,5
BRDA:1789,117,0,1
BRDA:1789,117,1,1
BRDA:1789,117,2,1
BRDA:1789,117,3,1
BRDA:1789,117,4,1
BRDA:1789,117,5,0
BRDA:1811,118,0,0
BRDA:1811,118,1,0
BRDA:1828,119,0,6
BRDA:1828,119,1,8
BRDA:1828,120,0,14
BRDA:1828,120,1,11
BRDA:1834,121,0,4
BRDA:1834,121,1,4
BRDA:1838,122,0,2
BRDA:1838,122,1,2
BRDA:1863,123,0,1
BRDA:1863,123,1,2
BRDA:1867,124,0,0
BRDA:1867,124,1,2
BRDA:1874,125,0,2
BRDA:1874,125,1,2
BRDA:1886,126,0,2
BRDA:1886,126,1,2
BRDA:1887,127,0,2
BRDA:1887,127,1,2
BRDA:1901,128,0,2
BRDA:1901,128,1,5
BRDA:1904,129,0,0
BRDA:1904,129,1,5
BRDA:1905,130,0,5
BRDA:1905,130,1,5
BRDA:1905,130,2,2
BRDA:1905,130,3,0
BRDA:1913,131,0,5
BRDA:1913,131,1,0
BRDA:1916,132,0,10
BRDA:1916,132,1,0
BRDA:1917,133,0,10
BRDA:1917,133,1,0
BRDA:1918,134,0,10
BRDA:1918,134,1,0
BRDA:1927,135,0,0
BRDA:1927,135,1,3
BRDA:1933,136,0,3
BRDA:1933,136,1,3
BRDA:1937,137,0,0
BRDA:1937,137,1,0
BRDA:1940,138,0,0
BRDA:1940,138,1,0
BRDA:1968,139,0,2
BRDA:1968,139,1,7
BRDA:1978,140,0,1
BRDA:1979,141,0,1
BRDA:1979,141,1,1
BRDA:1990,142,0,1
BRDA:1990,142,1,1
BRDA:2011,143,0,4
BRDA:2011,143,1,0
BRDA:2017,144,0,1
BRDA:2017,144,1,2
BRF:293
BRH:225
end_of_record
TN:
SF:src/core/api-key-setup-guide.js
FN:5,(anonymous_0)
FN:13,(anonymous_1)
FN:31,(anonymous_2)
FN:45,(anonymous_3)
FN:62,(anonymous_4)
FN:70,(anonymous_5)
FNF:6
FNH:0
FNDA:0,(anonymous_0)
FNDA:0,(anonymous_1)
FNDA:0,(anonymous_2)
FNDA:0,(anonymous_3)
FNDA:0,(anonymous_4)
FNDA:0,(anonymous_5)
DA:6,0
DA:14,0
DA:18,0
DA:19,0
DA:20,0
DA:21,0
DA:22,0
DA:23,0
DA:24,0
DA:25,0
DA:32,0
DA:33,0
DA:34,0
DA:35,0
DA:36,0
DA:37,0
DA:38,0
DA:39,0
DA:46,0
DA:47,0
DA:48,0
DA:49,0
DA:50,0
DA:51,0
DA:52,0
DA:53,0
DA:54,0
DA:55,0
DA:63,0
DA:71,0
DA:72,0
DA:74,0
DA:75,0
DA:76,0
DA:77,0
DA:79,0
DA:80,0
DA:85,7
LF:38
LH:1
BRDA:13,0,0,0
BRDA:14,1,0,0
BRDA:14,1,1,0
BRDA:74,2,0,0
BRDA:74,2,1,0
BRDA:76,3,0,0
BRDA:76,3,1,0
BRF:7
BRH:0
end_of_record
TN:
SF:src/core/api-key-validator.js
FN:5,(anonymous_0)
FN:14,(anonymous_1)
FN:58,(anonymous_2)
FN:70,(anonymous_3)
FNF:4
FNH:0
FNDA:0,(anonymous_0)
FNDA:0,(anonymous_1)
FNDA:0,(anonymous_2)
FNDA:0,(anonymous_3)
DA:6,0
DA:15,0
DA:17,0
DA:18,0
DA:26,0
DA:27,0
DA:34,0
DA:37,0
DA:39,0
DA:44,0
DA:45,0
DA:60,0
DA:71,0
DA:72,0
DA:75,0
DA:79,7
LF:16
LH:1
BRDA:14,0,0,0
BRDA:15,1,0,0
BRDA:15,1,1,0
BRDA:17,2,0,0
BRDA:17,2,1,0
BRDA:26,3,0,0
BRDA:26,3,1,0
BRDA:60,4,0,0
BRDA:60,4,1,0
BRDA:60,4,2,0
BRDA:71,5,0,0
BRDA:71,5,1,0
BRDA:71,6,0,0
BRDA:71,6,1,0
BRF:14
BRH:0
end_of_record
TN:
SF:src/core/cleanup-queue.js
FN:14,(anonymous_0)
FN:34,(anonymous_1)
FN:50,(anonymous_2)
FN:70,(anonymous_3)
FN:79,(anonymous_4)
FN:93,(anonymous_5)
FN:105,(anonymous_6)
FN:116,(anonymous_7)
FN:168,(anonymous_8)
FN:177,(anonymous_9)
FN:200,(anonymous_10)
FN:218,(anonymous_11)
FN:218,(anonymous_12)
FN:278,(anonymous_13)
FN:278,(anonymous_14)
FN:287,(anonymous_15)
FN:308,(anonymous_16)
FN:339,(anonymous_17)
FN:373,(anonymous_18)
FN:380,(anonymous_19)
FN:382,(anonymous_20)
FN:388,(anonymous_21)
FN:396,(anonymous_22)
FN:408,(anonymous_23)
FN:414,(anonymous_24)
FN:428,(anonymous_25)
FN:441,(anonymous_26)
FN:453,(anonymous_27)
FN:465,(anonymous_28)
FNF:29
FNH:22
FNDA:21,(anonymous_0)
FNDA:13,(anonymous_1)
FNDA:6,(anonymous_2)
FNDA:13,(anonymous_3)
FNDA:13,(anonymous_4)
FNDA:0,(anonymous_5)
FNDA:0,(anonymous_6)
FNDA:0,(anonymous_7)
FNDA:0,(anonymous_8)
FNDA:0,(anonymous_9)
FNDA:6,(anonymous_10)
FNDA:5,(anonymous_11)
FNDA:1,(anonymous_12)
FNDA:0,(anonymous_13)
FNDA:4,(anonymous_14)
FNDA:4,(anonymous_15)
FNDA:1,(anonymous_16)
FNDA:14,(anonymous_17)
FNDA:13,(anonymous_18)
FNDA:2,(anonymous_19)
FNDA:1,(anonymous_20)
FNDA:49,(anonymous_21)
FNDA:3,(anonymous_22)
FNDA:2,(anonymous_23)
FNDA:1,(anonymous_24)
FNDA:22,(anonymous_25)
FNDA:1,(anonymous_26)
FNDA:21,(anonymous_27)
FNDA:0,(anonymous_28)
DA:1,9
DA:2,9
DA:3,9
DA:4,9
DA:5,9
DA:7,9
DA:15,21
DA:16,21
DA:17,21
DA:18,21
DA:19,21
DA:20,21
DA:21,21
DA:22,21
DA:35,13
DA:50,13
DA:51,13
DA:52,10
DA:54,3
DA:57,13
DA:59,13
DA:66,13
DA:69,13
DA:70,13
DA:73,13
DA:80,13
DA:81,0
DA:84,13
DA:85,13
DA:87,13
DA:88,13
DA:89,0
DA:91,0
DA:93,0
DA:95,0
DA:99,0
DA:101,13
DA:104,13
DA:105,0
DA:107,13
DA:108,13
DA:117,0
DA:118,0
DA:120,0
DA:127,0
DA:128,0
DA:130,0
DA:131,0
DA:132,0
DA:134,0
DA:140,0
DA:145,0
DA:154,0
DA:155,0
DA:160,0
DA:162,0
DA:168,0
DA:170,0
DA:174,0
DA:176,0
DA:177,0
DA:181,0
DA:182,0
DA:184,0
DA:192,0
DA:193,0
DA:201,6
DA:203,6
DA:211,6
DA:212,6
DA:213,0
DA:214,0
DA:218,6
DA:219,6
DA:220,1
DA:221,1
DA:225,5
DA:226,4
DA:229,4
DA:230,1
DA:235,4
DA:236,1
DA:240,4
DA:242,4
DA:243,4
DA:247,4
DA:250,0
DA:256,4
DA:260,4
DA:265,3
DA:267,1
DA:273,1
DA:274,1
DA:278,4
DA:279,4
DA:280,0
DA:288,4
DA:289,4
DA:294,4
DA:296,0
DA:301,0
DA:309,1
DA:311,1
DA:313,1
DA:318,1
DA:319,1
DA:320,1
DA:325,1
DA:328,0
DA:340,14
DA:343,14
DA:344,2
DA:348,14
DA:349,1
DA:353,14
DA:354,3
DA:358,14
DA:359,2
DA:363,14
DA:364,1
DA:367,14
DA:374,13
DA:381,2
DA:382,2
DA:389,49
DA:396,49
DA:397,3
DA:398,3
DA:400,2
DA:409,2
DA:414,1
DA:429,22
DA:430,22
DA:432,22
DA:433,22
DA:435,22
DA:442,1
DA:454,21
DA:460,21
DA:461,21
DA:463,21
DA:465,0
DA:466,0
DA:471,21
DA:472,21
DA:474,21
DA:478,9
LF:147
LH:106
BRDA:14,0,0,1
BRDA:17,1,0,21
BRDA:17,1,1,1
BRDA:18,2,0,21
BRDA:18,2,1,1
BRDA:19,3,0,21
BRDA:19,3,1,1
BRDA:20,4,0,21
BRDA:20,4,1,21
BRDA:34,5,0,6
BRDA:39,6,0,13
BRDA:39,6,1,8
BRDA:40,7,0,13
BRDA:40,7,1,11
BRDA:41,8,0,13
BRDA:41,8,1,13
BRDA:44,9,0,13
BRDA:44,9,1,13
BRDA:51,10,0,10
BRDA:51,10,1,3
BRDA:69,11,0,13
BRDA:69,11,1,0
BRDA:80,12,0,0
BRDA:80,12,1,13
BRDA:88,13,0,13
BRDA:88,13,1,0
BRDA:91,14,0,0
BRDA:91,14,1,0
BRDA:104,15,0,0
BRDA:104,15,1,13
BRDA:154,16,0,0
BRDA:154,16,1,0
BRDA:176,17,0,0
BRDA:176,17,1,0
BRDA:212,18,0,0
BRDA:212,18,1,6
BRDA:219,19,0,1
BRDA:219,19,1,5
BRDA:225,20,0,4
BRDA:225,20,1,1
BRDA:229,21,0,1
BRDA:229,21,1,3
BRDA:235,22,0,1
BRDA:235,22,1,3
BRDA:256,23,0,1
BRDA:256,23,1,3
BRDA:279,24,0,0
BRDA:279,24,1,4
BRDA:318,25,0,1
BRDA:318,25,1,0
BRDA:343,26,0,2
BRDA:343,26,1,12
BRDA:348,27,0,1
BRDA:348,27,1,13
BRDA:353,28,0,3
BRDA:353,28,1,11
BRDA:358,29,0,2
BRDA:358,29,1,12
BRDA:363,30,0,1
BRDA:363,30,1,13
BRDA:441,31,0,1
BRDA:463,32,0,21
BRDA:463,32,1,0
BRF:63
BRH:49
end_of_record
TN:
SF:src/core/config.js
FN:47,initializeSessionStorage
FN:95,loadConfig
FN:114,saveConfig
FNF:3
FNH:3
FNDA:23,initializeSessionStorage
FNDA:14,loadConfig
FNDA:10,saveConfig
DA:1,11
DA:2,11
DA:3,11
DA:4,11
DA:6,11
DA:7,11
DA:8,11
DA:9,11
DA:11,11
DA:38,11
DA:48,23
DA:50,23
DA:51,7
DA:55,19
DA:56,5
DA:60,17
DA:61,4
DA:69,17
DA:70,4
DA:78,17
DA:80,17
DA:81,2
DA:84,6
DA:96,14
DA:97,14
DA:98,11
DA:99,8
DA:101,3
DA:103,6
DA:115,10
DA:116,10
DA:122,6
DA:130,11
LF:33
LH:33
BRDA:50,0,0,7
BRDA:50,0,1,16
BRDA:55,1,0,5
BRDA:55,1,1,14
BRDA:60,2,0,4
BRDA:60,2,1,13
BRDA:69,3,0,4
BRDA:69,3,1,13
BRDA:80,4,0,2
BRDA:80,4,1,15
BRDA:97,5,0,11
BRDA:97,5,1,3
BRF:12
BRH:12
end_of_record
TN:
SF:src/core/git-status-checker.js
FN:13,(anonymous_0)
FN:23,(anonymous_1)
FN:62,(anonymous_2)
FN:80,(anonymous_3)
FN:92,(anonymous_4)
FN:147,(anonymous_5)
FN:166,(anonymous_6)
FN:189,(anonymous_7)
FN:191,(anonymous_8)
FN:192,(anonymous_9)
FN:193,(anonymous_10)
FN:201,(anonymous_11)
FN:209,(anonymous_12)
FN:218,(anonymous_13)
FN:245,(anonymous_14)
FN:246,(anonymous_15)
FNF:16
FNH:16
FNDA:69,(anonymous_0)
FNDA:5,(anonymous_1)
FNDA:11,(anonymous_2)
FNDA:9,(anonymous_3)
FNDA:18,(anonymous_4)
FNDA:15,(anonymous_5)
FNDA:8,(anonymous_6)
FNDA:6,(anonymous_7)
FNDA:4,(anonymous_8)
FNDA:2,(anonymous_9)
FNDA:2,(anonymous_10)
FNDA:6,(anonymous_11)
FNDA:1,(anonymous_12)
FNDA:4,(anonymous_13)
FNDA:2,(anonymous_14)
FNDA:2,(anonymous_15)
DA:1,10
DA:2,10
DA:3,10
DA:4,10
DA:6,10
DA:14,69
DA:15,69
DA:16,69
DA:24,5
DA:26,5
DA:27,5
DA:28,1
DA:32,4
DA:33,1
DA:37,3
DA:39,3
DA:49,3
DA:50,3
DA:52,3
DA:54,1
DA:63,11
DA:64,11
DA:70,7
DA:72,4
DA:81,9
DA:83,9
DA:88,8
DA:89,8
DA:90,8
DA:92,8
DA:93,18
DA:94,10
DA:95,10
DA:99,10
DA:100,10
DA:102,10
DA:104,3
DA:111,10
DA:113,4
DA:120,10
DA:122,3
DA:131,8
DA:138,1
DA:148,15
DA:158,15
DA:167,8
DA:169,8
DA:170,5
DA:173,8
DA:174,2
DA:177,8
DA:178,2
DA:181,8
DA:190,6
DA:191,4
DA:192,2
DA:193,2
DA:202,6
DA:210,1
DA:211,1
DA:219,4
DA:221,4
DA:227,4
DA:228,1
DA:236,3
DA:237,1
DA:245,2
DA:246,2
DA:247,2
DA:251,2
DA:252,1
DA:259,1
DA:264,0
DA:273,10
LF:74
LH:73
BRDA:27,0,0,1
BRDA:27,0,1,4
BRDA:32,1,0,1
BRDA:32,1,1,3
BRDA:93,2,0,10
BRDA:93,2,1,8
BRDA:102,3,0,3
BRDA:102,3,1,7
BRDA:102,4,0,10
BRDA:102,4,1,6
BRDA:111,5,0,4
BRDA:111,5,1,6
BRDA:111,6,0,10
BRDA:111,6,1,7
BRDA:120,7,0,3
BRDA:120,7,1,7
BRDA:132,8,0,8
BRDA:132,8,1,5
BRDA:132,8,2,4
BRDA:158,9,0,15
BRDA:158,9,1,1
BRDA:169,10,0,5
BRDA:169,10,1,3
BRDA:173,11,0,2
BRDA:173,11,1,6
BRDA:177,12,0,2
BRDA:177,12,1,6
BRDA:202,13,0,6
BRDA:202,13,1,3
BRDA:227,14,0,1
BRDA:227,14,1,3
BRDA:236,15,0,1
BRDA:236,15,1,2
BRDA:236,16,0,3
BRDA:236,16,1,3
BRDA:251,17,0,1
BRDA:251,17,1,1
BRF:37
BRH:37
end_of_record
TN:
SF:src/core/startup-warning-display.js
FN:11,(anonymous_0)
FN:22,(anonymous_1)
FN:52,(anonymous_2)
FN:63,(anonymous_3)
FN:70,(anonymous_4)
FN:82,(anonymous_5)
FN:87,(anonymous_6)
FN:101,(anonymous_7)
FN:142,(anonymous_8)
FN:175,(anonymous_9)
FN:186,(anonymous_10)
FN:196,(anonymous_11)
FN:228,(anonymous_12)
FN:239,(anonymous_13)
FN:249,(anonymous_14)
FN:250,(anonymous_15)
FN:260,(anonymous_16)
FN:278,(anonymous_17)
FN:295,(anonymous_18)
FNF:19
FNH:19
FNDA:43,(anonymous_0)
FNDA:3,(anonymous_1)
FNDA:5,(anonymous_2)
FNDA:4,(anonymous_3)
FNDA:4,(anonymous_4)
FNDA:5,(anonymous_5)
FNDA:11,(anonymous_6)
FNDA:14,(anonymous_7)
FNDA:8,(anonymous_8)
FNDA:3,(anonymous_9)
FNDA:12,(anonymous_10)
FNDA:5,(anonymous_11)
FNDA:2,(anonymous_12)
FNDA:2,(anonymous_13)
FNDA:2,(anonymous_14)
FNDA:2,(anonymous_15)
FNDA:3,(anonymous_16)
FNDA:3,(anonymous_17)
FNDA:7,(anonymous_18)
DA:1,9
DA:2,9
DA:3,9
DA:4,9
DA:12,43
DA:13,43
DA:14,43
DA:23,3
DA:25,3
DA:26,3
DA:29,3
DA:32,3
DA:35,3
DA:38,1
DA:41,1
DA:43,2
DA:45,2
DA:53,5
DA:54,5
DA:55,5
DA:56,5
DA:64,4
DA:65,4
DA:67,4
DA:68,4
DA:70,4
DA:71,4
DA:72,3
DA:75,4
DA:83,5
DA:84,5
DA:86,5
DA:87,5
DA:88,11
DA:89,11
DA:90,11
DA:93,5
DA:102,14
DA:104,14
DA:105,7
DA:112,12
DA:113,3
DA:120,12
DA:121,3
DA:129,12
DA:135,12
DA:143,8
DA:144,6
DA:146,6
DA:147,6
DA:149,6
DA:150,3
DA:151,3
DA:152,3
DA:155,6
DA:156,2
DA:157,2
DA:158,2
DA:161,6
DA:162,1
DA:163,1
DA:164,1
DA:167,6
DA:168,5
DA:176,3
DA:177,3
DA:179,3
DA:186,3
DA:187,12
DA:189,3
DA:197,5
DA:198,5
DA:217,1
DA:219,4
DA:221,4
DA:229,2
DA:230,2
DA:231,2
DA:232,2
DA:233,2
DA:240,2
DA:241,2
DA:242,2
DA:243,2
DA:244,2
DA:245,2
DA:246,2
DA:249,2
DA:250,2
DA:251,2
DA:252,2
DA:261,3
DA:262,3
DA:263,3
DA:264,3
DA:265,3
DA:266,3
DA:267,3
DA:268,3
DA:269,3
DA:270,3
DA:271,3
DA:272,3
DA:279,3
DA:280,3
DA:281,3
DA:282,3
DA:283,3
DA:284,3
DA:285,3
DA:286,3
DA:287,3
DA:288,3
DA:296,7
DA:298,1
DA:299,1
DA:301,1
DA:302,1
DA:304,2
DA:305,2
DA:306,2
DA:307,2
DA:308,2
DA:309,2
DA:310,2
DA:312,3
DA:313,3
DA:314,3
DA:315,3
DA:316,3
DA:321,9
LF:131
LH:131
BRDA:71,0,0,3
BRDA:71,0,1,1
BRDA:89,1,0,11
BRDA:89,1,1,0
BRDA:104,2,0,7
BRDA:104,2,1,5
BRDA:112,3,0,3
BRDA:112,3,1,9
BRDA:120,4,0,3
BRDA:120,4,1,9
BRDA:149,5,0,3
BRDA:149,5,1,3
BRDA:149,6,0,6
BRDA:149,6,1,4
BRDA:155,7,0,2
BRDA:155,7,1,4
BRDA:155,8,0,6
BRDA:155,8,1,3
BRDA:161,9,0,1
BRDA:161,9,1,5
BRDA:161,10,0,6
BRDA:161,10,1,2
BRDA:167,11,0,5
BRDA:167,11,1,1
BRDA:296,12,0,1
BRDA:296,12,1,1
BRDA:296,12,2,2
BRDA:296,12,3,3
BRDA:315,13,0,3
BRDA:315,13,1,1
BRF:30
BRH:29
end_of_record
TN:
SF:src/core/tool-usage-tracker.js
FN:6,(anonymous_0)
FN:14,(anonymous_1)
FN:29,(anonymous_2)
FN:38,(anonymous_3)
FN:83,(anonymous_4)
FN:95,(anonymous_5)
FN:108,(anonymous_6)
FN:118,(anonymous_7)
FN:126,(anonymous_8)
FN:135,(anonymous_9)
FN:145,(anonymous_10)
FNF:11
FNH:11
FNDA:9,(anonymous_0)
FNDA:198,(anonymous_1)
FNDA:73,(anonymous_2)
FNDA:593,(anonymous_3)
FNDA:7,(anonymous_4)
FNDA:30,(anonymous_5)
FNDA:64,(anonymous_6)
FNDA:154,(anonymous_7)
FNDA:45,(anonymous_8)
FNDA:3,(anonymous_9)
FNDA:10,(anonymous_10)
DA:7,9
DA:15,198
DA:16,133
DA:30,73
DA:32,73
DA:34,73
DA:35,73
DA:36,73
DA:38,593
DA:47,71
DA:56,2
DA:65,1
DA:68,1
DA:84,7
DA:85,7
DA:87,7
DA:96,30
DA:97,30
DA:98,10
DA:106,20
DA:108,64
DA:119,154
DA:127,45
DA:136,3
DA:137,3
DA:146,10
DA:147,5
DA:156,9
DA:158,9
LF:29
LH:29
BRDA:15,0,0,133
BRDA:15,0,1,65
BRDA:36,1,0,71
BRDA:36,1,1,2
BRDA:36,2,0,73
BRDA:36,2,1,71
BRDA:36,2,2,71
BRDA:50,3,0,71
BRDA:50,3,1,1
BRDA:59,4,0,2
BRDA:59,4,1,0
BRDA:71,5,0,1
BRDA:71,5,1,0
BRDA:85,6,0,1
BRDA:85,6,1,6
BRDA:97,7,0,10
BRDA:97,7,1,20
BRDA:137,8,0,2
BRDA:137,8,1,1
BRDA:146,9,0,5
BRDA:146,9,1,5
BRDA:146,10,0,10
BRDA:146,10,1,7
BRDA:148,11,0,5
BRDA:148,11,1,0
BRDA:149,12,0,5
BRDA:149,12,1,0
BRF:27
BRH:23
end_of_record
TN:
SF:src/core/worktree-discovery.js
FN:15,(anonymous_0)
FN:25,(anonymous_1)
FN:39,(anonymous_2)
FN:40,(anonymous_3)
FN:81,(anonymous_4)
FN:84,(anonymous_5)
FN:84,(anonymous_6)
FN:94,(anonymous_7)
FN:95,(anonymous_8)
FN:114,(anonymous_9)
FN:128,(anonymous_10)
FN:148,(anonymous_11)
FN:181,(anonymous_12)
FN:183,(anonymous_13)
FN:186,(anonymous_14)
FN:219,(anonymous_15)
FN:228,(anonymous_16)
FN:249,(anonymous_17)
FN:254,(anonymous_18)
FN:284,(anonymous_19)
FN:299,(anonymous_20)
FN:327,(anonymous_21)
FN:331,(anonymous_22)
FN:334,(anonymous_23)
FN:347,(anonymous_24)
FN:348,(anonymous_25)
FN:364,(anonymous_26)
FN:385,(anonymous_27)
FN:390,(anonymous_28)
FN:400,(anonymous_29)
FN:415,(anonymous_30)
FNF:31
FNH:27
FNDA:23,(anonymous_0)
FNDA:1,(anonymous_1)
FNDA:2,(anonymous_2)
FNDA:3,(anonymous_3)
FNDA:4,(anonymous_4)
FNDA:3,(anonymous_5)
FNDA:1,(anonymous_6)
FNDA:4,(anonymous_7)
FNDA:2,(anonymous_8)
FNDA:1,(anonymous_9)
FNDA:5,(anonymous_10)
FNDA:4,(anonymous_11)
FNDA:2,(anonymous_12)
FNDA:13,(anonymous_13)
FNDA:11,(anonymous_14)
FNDA:2,(anonymous_15)
FNDA:2,(anonymous_16)
FNDA:4,(anonymous_17)
FNDA:5,(anonymous_18)
FNDA:3,(anonymous_19)
FNDA:2,(anonymous_20)
FNDA:2,(anonymous_21)
FNDA:2,(anonymous_22)
FNDA:2,(anonymous_23)
FNDA:2,(anonymous_24)
FNDA:2,(anonymous_25)
FNDA:0,(anonymous_26)
FNDA:0,(anonymous_27)
FNDA:0,(anonymous_28)
FNDA:0,(anonymous_29)
FNDA:1,(anonymous_30)
DA:1,9
DA:2,9
DA:3,9
DA:4,9
DA:5,9
DA:6,9
DA:8,9
DA:16,23
DA:17,23
DA:18,23
DA:19,23
DA:26,1
DA:27,1
DA:29,1
DA:36,1
DA:37,1
DA:39,1
DA:40,3
DA:41,2
DA:43,2
DA:51,2
DA:52,1
DA:54,1
DA:58,1
DA:64,1
DA:70,0
DA:74,0
DA:82,4
DA:84,4
DA:85,4
DA:86,1
DA:87,1
DA:90,3
DA:91,1
DA:93,1
DA:94,4
DA:96,2
DA:97,2
DA:99,2
DA:101,2
DA:102,2
DA:103,2
DA:104,2
DA:106,2
DA:108,0
DA:111,1
DA:112,1
DA:114,1
DA:116,2
DA:120,2
DA:129,5
DA:130,5
DA:131,1
DA:132,1
DA:135,4
DA:136,4
DA:149,4
DA:152,4
DA:154,1
DA:157,3
DA:158,3
DA:163,2
DA:166,2
DA:167,2
DA:169,2
DA:170,2
DA:172,1
DA:174,1
DA:182,2
DA:183,13
DA:185,2
DA:186,2
DA:187,11
DA:188,4
DA:189,2
DA:191,4
DA:192,7
DA:193,4
DA:194,3
DA:195,2
DA:196,1
DA:197,0
DA:198,1
DA:199,1
DA:200,0
DA:201,0
DA:202,0
DA:203,0
DA:204,0
DA:209,2
DA:210,2
DA:213,2
DA:220,2
DA:222,2
DA:225,2
DA:226,1
DA:228,1
DA:229,2
DA:238,2
DA:239,2
DA:241,0
DA:242,0
DA:251,4
DA:252,4
DA:254,4
DA:258,5
DA:268,5
DA:269,3
DA:275,3
DA:277,2
DA:285,3
DA:286,3
DA:289,3
DA:294,2
DA:296,2
DA:297,1
DA:299,2
DA:303,1
DA:306,1
DA:307,1
DA:310,2
DA:316,1
DA:317,1
DA:328,2
DA:331,2
DA:332,2
DA:333,2
DA:334,2
DA:336,2
DA:337,1
DA:347,2
DA:348,2
DA:349,2
DA:350,1
DA:358,2
DA:365,0
DA:366,0
DA:371,0
DA:372,0
DA:378,0
DA:386,0
DA:387,0
DA:388,0
DA:390,0
DA:391,0
DA:392,0
DA:393,0
DA:395,0
DA:396,0
DA:399,0
DA:400,0
DA:402,0
DA:404,0
DA:408,0
DA:416,1
DA:417,1
DA:418,1
DA:422,9
LF:158
LH:128
BRDA:16,0,0,23
BRDA:16,0,1,1
BRDA:51,1,0,1
BRDA:51,1,1,1
BRDA:51,2,0,2
BRDA:51,2,1,1
BRDA:85,3,0,1
BRDA:85,3,1,3
BRDA:94,4,0,4
BRDA:94,4,1,3
BRDA:99,5,0,2
BRDA:99,5,1,0
BRDA:130,6,0,1
BRDA:130,6,1,4
BRDA:152,7,0,1
BRDA:152,7,1,3
BRDA:152,8,0,4
BRDA:152,8,1,1
BRDA:152,8,2,1
BRDA:187,9,0,4
BRDA:187,9,1,7
BRDA:188,10,0,2
BRDA:188,10,1,2
BRDA:192,11,0,4
BRDA:192,11,1,3
BRDA:194,12,0,2
BRDA:194,12,1,1
BRDA:196,13,0,0
BRDA:196,13,1,1
BRDA:198,14,0,1
BRDA:198,14,1,0
BRDA:200,15,0,0
BRDA:200,15,1,0
BRDA:202,16,0,0
BRDA:202,16,1,0
BRDA:209,17,0,2
BRDA:209,17,1,0
BRDA:225,18,0,1
BRDA:225,18,1,1
BRDA:225,19,0,2
BRDA:225,19,1,1
BRDA:258,20,0,5
BRDA:258,20,1,4
BRDA:258,20,2,3
BRDA:258,20,3,3
BRDA:258,20,4,3
BRDA:268,21,0,3
BRDA:268,21,1,2
BRDA:296,22,0,1
BRDA:296,22,1,1
BRDA:332,23,0,2
BRDA:332,23,1,0
BRDA:332,24,0,2
BRDA:332,24,1,2
BRDA:336,25,0,1
BRDA:336,25,1,1
BRDA:349,26,0,1
BRDA:349,26,1,1
BRDA:371,27,0,0
BRDA:371,27,1,0
BRDA:371,28,0,0
BRDA:371,28,1,0
BRDA:392,29,0,0
BRDA:392,29,1,0
BRF:64
BRH:49
end_of_record
TN:
SF:src/core/worktree-lifecycle-manager.js
FN:13,(anonymous_0)
FN:38,(anonymous_1)
FN:54,(anonymous_2)
FN:81,(anonymous_3)
FN:118,(anonymous_4)
FN:164,(anonymous_5)
FN:167,(anonymous_6)
FN:195,(anonymous_7)
FN:213,(anonymous_8)
FN:276,(anonymous_9)
FN:300,(anonymous_10)
FN:307,(anonymous_11)
FN:314,(anonymous_12)
FN:319,(anonymous_13)
FN:322,(anonymous_14)
FN:343,(anonymous_15)
FN:360,(anonymous_16)
FN:377,(anonymous_17)
FN:390,(anonymous_18)
FN:400,(anonymous_19)
FNF:20
FNH:19
FNDA:55,(anonymous_0)
FNDA:6,(anonymous_1)
FNDA:0,(anonymous_2)
FNDA:6,(anonymous_3)
FNDA:8,(anonymous_4)
FNDA:4,(anonymous_5)
FNDA:6,(anonymous_6)
FNDA:5,(anonymous_7)
FNDA:8,(anonymous_8)
FNDA:4,(anonymous_9)
FNDA:2,(anonymous_10)
FNDA:3,(anonymous_11)
FNDA:4,(anonymous_12)
FNDA:3,(anonymous_13)
FNDA:1,(anonymous_14)
FNDA:12,(anonymous_15)
FNDA:3,(anonymous_16)
FNDA:2,(anonymous_17)
FNDA:2,(anonymous_18)
FNDA:4,(anonymous_19)
DA:1,8
DA:2,8
DA:3,8
DA:4,8
DA:5,8
DA:6,8
DA:14,55
DA:15,55
DA:16,55
DA:21,55
DA:22,55
DA:23,55
DA:32,55
DA:39,6
DA:40,6
DA:42,6
DA:44,6
DA:45,4
DA:46,2
DA:47,2
DA:51,4
DA:54,4
DA:55,0
DA:58,4
DA:60,4
DA:65,4
DA:70,2
DA:74,2
DA:82,6
DA:83,6
DA:86,6
DA:87,5
DA:89,4
DA:96,4
DA:97,1
DA:101,4
DA:102,1
DA:105,4
DA:107,2
DA:111,2
DA:120,8
DA:121,8
DA:122,2
DA:125,2
DA:128,6
DA:131,6
DA:132,8
DA:134,8
DA:135,8
DA:144,8
DA:146,7
DA:153,1
DA:165,4
DA:167,4
DA:168,6
DA:171,6
DA:177,6
DA:179,6
DA:184,0
DA:196,5
DA:202,5
DA:203,2
DA:204,2
DA:207,5
DA:214,8
DA:215,8
DA:216,2
DA:217,2
DA:220,6
DA:222,6
DA:223,6
DA:224,5
DA:231,5
DA:232,5
DA:233,1
DA:237,1
DA:238,1
DA:242,4
DA:250,4
DA:251,4
DA:253,3
DA:259,3
DA:261,1
DA:266,1
DA:270,1
DA:277,4
DA:282,4
DA:285,4
DA:286,1
DA:287,1
DA:290,3
DA:291,1
DA:294,3
DA:301,2
DA:308,3
DA:315,4
DA:316,4
DA:318,4
DA:319,3
DA:321,3
DA:322,3
DA:325,3
DA:326,2
DA:327,2
DA:330,3
DA:335,1
DA:336,1
DA:344,12
DA:347,12
DA:348,12
DA:351,12
DA:352,12
DA:354,12
DA:362,3
DA:365,3
DA:366,1
DA:378,2
DA:391,2
DA:401,4
DA:403,4
DA:405,4
DA:408,2
DA:409,2
DA:410,2
DA:412,2
DA:414,2
DA:417,2
DA:422,8
LF:128
LH:126
BRDA:13,0,0,35
BRDA:14,1,0,55
BRDA:14,1,1,35
BRDA:17,2,0,55
BRDA:17,2,1,35
BRDA:18,3,0,55
BRDA:18,3,1,54
BRDA:45,4,0,2
BRDA:45,4,1,2
BRDA:96,5,0,1
BRDA:96,5,1,3
BRDA:101,6,0,1
BRDA:101,6,1,3
BRDA:121,7,0,2
BRDA:121,7,1,6
BRDA:202,8,0,2
BRDA:202,8,1,3
BRDA:213,9,0,6
BRDA:215,10,0,2
BRDA:215,10,1,6
BRDA:223,11,0,5
BRDA:223,11,1,1
BRDA:223,12,0,6
BRDA:223,12,1,6
BRDA:232,13,0,1
BRDA:232,13,1,4
BRDA:232,14,0,5
BRDA:232,14,1,2
BRDA:245,15,0,4
BRDA:245,15,1,2
BRDA:246,16,0,4
BRDA:246,16,1,4
BRDA:276,17,0,2
BRDA:285,18,0,1
BRDA:285,18,1,3
BRDA:285,19,0,4
BRDA:285,19,1,3
BRDA:290,20,0,1
BRDA:290,20,1,2
BRDA:325,21,0,2
BRDA:325,21,1,1
BRDA:351,22,0,12
BRDA:351,22,1,4
BRDA:365,23,0,1
BRDA:365,23,1,2
BRDA:365,24,0,3
BRDA:365,24,1,1
BRF:47
BRH:47
end_of_record
TN:
SF:src/core/logging/agent-log-manager.js
FN:15,(anonymous_0)
FN:29,(anonymous_1)
FN:70,(anonymous_2)
FN:86,(anonymous_3)
FN:108,(anonymous_4)
FN:111,(anonymous_5)
FN:112,(anonymous_6)
FN:129,(anonymous_7)
FN:184,(anonymous_8)
FN:244,(anonymous_9)
FN:278,(anonymous_10)
FN:279,(anonymous_11)
FN:323,(anonymous_12)
FN:337,(anonymous_13)
FN:376,(anonymous_14)
FN:378,(anonymous_15)
FN:393,(anonymous_16)
FN:401,(anonymous_17)
FN:415,(anonymous_18)
FN:429,(anonymous_19)
FN:438,(anonymous_20)
FNF:21
FNH:21
FNDA:168,(anonymous_0)
FNDA:92,(anonymous_1)
FNDA:35,(anonymous_2)
FNDA:35,(anonymous_3)
FNDA:35,(anonymous_4)
FNDA:35,(anonymous_5)
FNDA:35,(anonymous_6)
FNDA:38,(anonymous_7)
FNDA:1215,(anonymous_8)
FNDA:9,(anonymous_9)
FNDA:7,(anonymous_10)
FNDA:7,(anonymous_11)
FNDA:4,(anonymous_12)
FNDA:47,(anonymous_13)
FNDA:2,(anonymous_14)
FNDA:2,(anonymous_15)
FNDA:42,(anonymous_16)
FNDA:15,(anonymous_17)
FNDA:2,(anonymous_18)
FNDA:3,(anonymous_19)
FNDA:5,(anonymous_20)
DA:1,13
DA:2,13
DA:3,13
DA:4,13
DA:5,13
DA:16,168
DA:17,168
DA:18,168
DA:19,168
DA:20,168
DA:21,168
DA:22,168
DA:30,92
DA:32,92
DA:33,90
DA:34,90
DA:39,2
DA:40,1
DA:44,1
DA:45,1
DA:46,1
DA:50,1
DA:52,0
DA:56,0
DA:71,35
DA:72,35
DA:73,35
DA:74,35
DA:87,35
DA:109,35
DA:111,35
DA:112,35
DA:113,35
DA:114,0
DA:117,35
DA:130,38
DA:131,1
DA:134,37
DA:135,2
DA:138,35
DA:139,35
DA:147,35
DA:148,35
DA:151,35
DA:159,35
DA:165,35
DA:167,35
DA:168,35
DA:170,0
DA:174,0
DA:185,1215
DA:186,1
DA:187,1
DA:190,1214
DA:191,1214
DA:192,27
DA:193,27
DA:196,1187
DA:198,1187
DA:208,1187
DA:209,1187
DA:212,1187
DA:213,0
DA:217,1187
DA:218,1176
DA:231,0
DA:245,9
DA:246,1
DA:247,1
DA:250,8
DA:251,8
DA:252,1
DA:253,1
DA:256,7
DA:257,7
DA:258,7
DA:261,7
DA:275,7
DA:278,7
DA:279,7
DA:280,7
DA:281,0
DA:285,0
DA:287,7
DA:288,7
DA:290,7
DA:291,7
DA:292,7
DA:298,0
DA:299,0
DA:300,0
DA:302,0
DA:304,0
DA:310,0
DA:314,0
DA:324,4
DA:325,1
DA:328,3
DA:329,3
DA:338,47
DA:339,3
DA:344,44
DA:349,44
DA:356,44
DA:357,1
DA:359,1
DA:362,44
DA:365,44
DA:366,2
DA:369,42
DA:377,2
DA:378,2
DA:379,2
DA:386,2
DA:394,42
DA:402,15
DA:403,3
DA:404,3
DA:407,12
DA:408,12
DA:416,2
DA:417,0
DA:418,0
DA:421,2
DA:422,2
DA:430,3
DA:439,5
DA:443,13
LF:128
LH:110
BRDA:15,0,0,57
BRDA:17,1,0,168
BRDA:17,1,1,57
BRDA:39,2,0,1
BRDA:39,2,1,1
BRDA:45,3,0,1
BRDA:45,3,1,0
BRDA:95,4,0,35
BRDA:95,4,1,0
BRDA:113,5,0,0
BRDA:113,5,1,35
BRDA:130,6,0,1
BRDA:130,6,1,37
BRDA:134,7,0,2
BRDA:134,7,1,35
BRDA:185,8,0,1
BRDA:185,8,1,1214
BRDA:191,9,0,27
BRDA:191,9,1,1187
BRDA:199,10,0,1187
BRDA:199,10,1,1180
BRDA:201,11,0,1187
BRDA:201,11,1,8
BRDA:202,12,0,1187
BRDA:202,12,1,19
BRDA:203,13,0,1187
BRDA:203,13,1,0
BRDA:204,14,0,1187
BRDA:204,14,1,1129
BRDA:212,15,0,0
BRDA:212,15,1,1187
BRDA:217,16,0,1176
BRDA:217,16,1,11
BRDA:245,17,0,1
BRDA:245,17,1,8
BRDA:251,18,0,1
BRDA:251,18,1,7
BRDA:280,19,0,0
BRDA:280,19,1,7
BRDA:324,20,0,1
BRDA:324,20,1,3
BRDA:329,21,0,2
BRDA:329,21,1,1
BRDA:338,22,0,3
BRDA:338,22,1,44
BRDA:338,23,0,47
BRDA:338,23,1,44
BRDA:356,24,0,1
BRDA:356,24,1,43
BRDA:365,25,0,2
BRDA:365,25,1,42
BRDA:365,26,0,44
BRDA:365,26,1,42
BRDA:402,27,0,3
BRDA:402,27,1,12
BRDA:416,28,0,0
BRDA:416,28,1,2
BRF:57
BRH:50
end_of_record
TN:
SF:src/core/logging/log-query-service.js
FN:7,(anonymous_0)
FN:16,(anonymous_1)
FN:28,(anonymous_2)
FN:43,(anonymous_3)
FN:47,(anonymous_4)
FN:60,(anonymous_5)
FN:63,(anonymous_6)
FN:65,(anonymous_7)
FN:78,(anonymous_8)
FN:83,(anonymous_9)
FN:85,(anonymous_10)
FN:110,(anonymous_11)
FN:119,(anonymous_12)
FN:150,(anonymous_13)
FN:151,(anonymous_14)
FN:156,(anonymous_15)
FN:159,(anonymous_16)
FN:163,(anonymous_17)
FN:168,(anonymous_18)
FN:182,(anonymous_19)
FN:190,(anonymous_20)
FN:192,(anonymous_21)
FN:195,(anonymous_22)
FN:197,(anonymous_23)
FN:217,(anonymous_24)
FN:223,(anonymous_25)
FN:224,(anonymous_26)
FN:233,(anonymous_27)
FN:242,(anonymous_28)
FN:245,(anonymous_29)
FN:258,(anonymous_30)
FN:260,(anonymous_31)
FN:272,(anonymous_32)
FN:274,(anonymous_33)
FN:286,(anonymous_34)
FN:289,(anonymous_35)
FN:294,(anonymous_36)
FN:301,(anonymous_37)
FN:304,(anonymous_38)
FN:306,(anonymous_39)
FN:312,(anonymous_40)
FN:316,(anonymous_41)
FN:317,(anonymous_42)
FN:319,(anonymous_43)
FN:327,(anonymous_44)
FN:337,(anonymous_45)
FN:365,(anonymous_46)
FN:370,(anonymous_47)
FN:373,(anonymous_48)
FN:413,(anonymous_49)
FN:427,(anonymous_50)
FN:446,(anonymous_51)
FN:491,(anonymous_52)
FN:494,(anonymous_53)
FN:506,(anonymous_54)
FN:507,(anonymous_55)
FN:512,(anonymous_56)
FN:518,(anonymous_57)
FN:539,(anonymous_58)
FN:547,(anonymous_59)
FN:569,(anonymous_60)
FN:612,(anonymous_61)
FN:615,(anonymous_62)
FN:628,(anonymous_63)
FN:631,(anonymous_64)
FN:663,(anonymous_65)
FN:666,(anonymous_66)
FN:683,(anonymous_67)
FN:697,(anonymous_68)
FN:707,(anonymous_69)
FN:719,(anonymous_70)
FN:720,(anonymous_71)
FN:732,(anonymous_72)
FN:739,(anonymous_73)
FN:756,(anonymous_74)
FN:759,(anonymous_75)
FN:783,(anonymous_76)
FN:798,(anonymous_77)
FN:812,(anonymous_78)
FN:827,(anonymous_79)
FN:832,(anonymous_80)
FN:865,(anonymous_81)
FN:868,(anonymous_82)
FN:874,(anonymous_83)
FN:881,(anonymous_84)
FN:900,(anonymous_85)
FN:930,(anonymous_86)
FN:938,(anonymous_87)
FN:940,(anonymous_88)
FN:943,(anonymous_89)
FN:945,(anonymous_90)
FN:963,(anonymous_91)
FN:974,(anonymous_92)
FN:984,(anonymous_93)
FN:986,(anonymous_94)
FN:989,(anonymous_95)
FN:999,(anonymous_96)
FN:1019,(anonymous_97)
FN:1038,(anonymous_98)
FN:1054,(anonymous_99)
FN:1064,(anonymous_100)
FN:1072,(anonymous_101)
FN:1081,(anonymous_102)
FN:1104,(anonymous_103)
FN:1117,(anonymous_104)
FN:1122,(anonymous_105)
FN:1132,(anonymous_106)
FN:1152,(anonymous_107)
FN:1156,(anonymous_108)
FN:1171,(anonymous_109)
FN:1201,(anonymous_110)
FN:1202,(anonymous_111)
FN:1223,(anonymous_112)
FN:1233,(anonymous_113)
FN:1237,(anonymous_114)
FN:1250,(anonymous_115)
FN:1254,(anonymous_116)
FN:1258,(anonymous_117)
FN:1262,(anonymous_118)
FN:1266,(anonymous_119)
FN:1270,(anonymous_120)
FN:1274,(anonymous_121)
FN:1278,(anonymous_122)
FN:1282,(anonymous_123)
FN:1286,(anonymous_124)
FN:1290,(anonymous_125)
FN:1294,(anonymous_126)
FN:1298,(anonymous_127)
FNF:128
FNH:115
FNDA:40,(anonymous_0)
FNDA:40,(anonymous_1)
FNDA:75,(anonymous_2)
FNDA:37,(anonymous_3)
FNDA:37,(anonymous_4)
FNDA:37,(anonymous_5)
FNDA:148,(anonymous_6)
FNDA:111,(anonymous_7)
FNDA:111,(anonymous_8)
FNDA:558,(anonymous_9)
FNDA:553,(anonymous_10)
FNDA:318,(anonymous_11)
FNDA:11,(anonymous_12)
FNDA:9,(anonymous_13)
FNDA:14,(anonymous_14)
FNDA:2,(anonymous_15)
FNDA:2,(anonymous_16)
FNDA:8,(anonymous_17)
FNDA:1,(anonymous_18)
FNDA:2,(anonymous_19)
FNDA:2,(anonymous_20)
FNDA:2,(anonymous_21)
FNDA:8,(anonymous_22)
FNDA:6,(anonymous_23)
FNDA:3,(anonymous_24)
FNDA:0,(anonymous_25)
FNDA:0,(anonymous_26)
FNDA:14,(anonymous_27)
FNDA:1,(anonymous_28)
FNDA:3,(anonymous_29)
FNDA:1,(anonymous_30)
FNDA:2,(anonymous_31)
FNDA:2,(anonymous_32)
FNDA:0,(anonymous_33)
FNDA:1,(anonymous_34)
FNDA:2,(anonymous_35)
FNDA:1,(anonymous_36)
FNDA:1,(anonymous_37)
FNDA:2,(anonymous_38)
FNDA:1,(anonymous_39)
FNDA:1,(anonymous_40)
FNDA:1,(anonymous_41)
FNDA:10,(anonymous_42)
FNDA:0,(anonymous_43)
FNDA:14,(anonymous_44)
FNDA:14,(anonymous_45)
FNDA:11,(anonymous_46)
FNDA:7,(anonymous_47)
FNDA:28,(anonymous_48)
FNDA:2,(anonymous_49)
FNDA:2,(anonymous_50)
FNDA:4,(anonymous_51)
FNDA:8,(anonymous_52)
FNDA:26,(anonymous_53)
FNDA:7,(anonymous_54)
FNDA:9,(anonymous_55)
FNDA:16,(anonymous_56)
FNDA:16,(anonymous_57)
FNDA:2,(anonymous_58)
FNDA:6,(anonymous_59)
FNDA:3,(anonymous_60)
FNDA:2,(anonymous_61)
FNDA:0,(anonymous_62)
FNDA:2,(anonymous_63)
FNDA:0,(anonymous_64)
FNDA:0,(anonymous_65)
FNDA:9,(anonymous_66)
FNDA:1,(anonymous_67)
FNDA:2,(anonymous_68)
FNDA:0,(anonymous_69)
FNDA:0,(anonymous_70)
FNDA:0,(anonymous_71)
FNDA:2,(anonymous_72)
FNDA:0,(anonymous_73)
FNDA:3,(anonymous_74)
FNDA:2,(anonymous_75)
FNDA:1,(anonymous_76)
FNDA:2,(anonymous_77)
FNDA:3,(anonymous_78)
FNDA:3,(anonymous_79)
FNDA:10,(anonymous_80)
FNDA:7,(anonymous_81)
FNDA:43,(anonymous_82)
FNDA:2,(anonymous_83)
FNDA:2,(anonymous_84)
FNDA:3,(anonymous_85)
FNDA:10,(anonymous_86)
FNDA:12,(anonymous_87)
FNDA:12,(anonymous_88)
FNDA:48,(anonymous_89)
FNDA:36,(anonymous_90)
FNDA:2,(anonymous_91)
FNDA:6,(anonymous_92)
FNDA:2,(anonymous_93)
FNDA:9,(anonymous_94)
FNDA:39,(anonymous_95)
FNDA:40,(anonymous_96)
FNDA:5,(anonymous_97)
FNDA:4,(anonymous_98)
FNDA:5,(anonymous_99)
FNDA:3,(anonymous_100)
FNDA:10,(anonymous_101)
FNDA:3,(anonymous_102)
FNDA:3,(anonymous_103)
FNDA:0,(anonymous_104)
FNDA:0,(anonymous_105)
FNDA:4,(anonymous_106)
FNDA:1,(anonymous_107)
FNDA:3,(anonymous_108)
FNDA:1,(anonymous_109)
FNDA:3,(anonymous_110)
FNDA:3,(anonymous_111)
FNDA:7,(anonymous_112)
FNDA:2,(anonymous_113)
FNDA:1,(anonymous_114)
FNDA:4,(anonymous_115)
FNDA:3,(anonymous_116)
FNDA:1,(anonymous_117)
FNDA:1,(anonymous_118)
FNDA:1,(anonymous_119)
FNDA:9,(anonymous_120)
FNDA:1,(anonymous_121)
FNDA:1,(anonymous_122)
FNDA:1,(anonymous_123)
FNDA:3,(anonymous_124)
FNDA:1,(anonymous_125)
FNDA:4,(anonymous_126)
FNDA:1,(anonymous_127)
DA:1,1
DA:2,1
DA:3,1
DA:4,1
DA:8,40
DA:9,40
DA:10,40
DA:11,40
DA:12,40
DA:13,40
DA:17,40
DA:18,40
DA:19,40
DA:20,40
DA:21,40
DA:23,0
DA:24,0
DA:29,75
DA:37,75
DA:38,75
DA:39,1
DA:40,1
DA:43,74
DA:46,74
DA:47,37
DA:50,74
DA:55,0
DA:56,0
DA:61,37
DA:62,37
DA:63,148
DA:65,37
DA:66,111
DA:67,111
DA:68,111
DA:70,0
DA:74,0
DA:79,111
DA:82,111
DA:83,558
DA:85,111
DA:86,553
DA:87,402
DA:89,553
DA:93,111
DA:94,111
DA:95,68
DA:97,111
DA:101,111
DA:102,111
DA:103,111
DA:104,35
DA:106,111
DA:110,111
DA:111,318
DA:112,318
DA:113,280
DA:115,318
DA:120,11
DA:122,11
DA:123,11
DA:125,11
DA:126,6
DA:127,5
DA:128,2
DA:130,3
DA:133,11
DA:135,11
DA:145,0
DA:146,0
DA:151,14
DA:152,9
DA:155,9
DA:156,2
DA:157,1
DA:158,8
DA:159,2
DA:160,1
DA:163,7
DA:164,8
DA:165,8
DA:166,7
DA:168,1
DA:174,9
DA:175,1
DA:176,1
DA:179,9
DA:183,2
DA:185,2
DA:186,2
DA:187,0
DA:190,2
DA:192,2
DA:193,2
DA:194,2
DA:195,8
DA:197,2
DA:198,6
DA:199,6
DA:200,6
DA:202,6
DA:203,1
DA:211,0
DA:214,2
DA:218,3
DA:221,3
DA:223,0
DA:224,0
DA:227,3
DA:230,3
DA:234,14
DA:237,14
DA:238,1
DA:239,1
DA:240,1
DA:242,1
DA:243,1
DA:244,1
DA:245,1
DA:246,3
DA:247,1
DA:252,1
DA:256,14
DA:257,1
DA:258,1
DA:259,1
DA:260,1
DA:261,2
DA:262,1
DA:266,1
DA:270,14
DA:271,1
DA:272,1
DA:273,2
DA:274,2
DA:275,0
DA:276,0
DA:280,1
DA:283,14
DA:287,1
DA:289,1
DA:290,2
DA:291,2
DA:292,1
DA:294,1
DA:298,1
DA:302,1
DA:304,1
DA:305,2
DA:306,2
DA:309,1
DA:313,1
DA:314,1
DA:316,1
DA:317,1
DA:318,10
DA:319,0
DA:324,1
DA:328,14
DA:329,14
DA:331,14
DA:333,14
DA:334,14
DA:338,14
DA:340,14
DA:341,70
DA:344,14
DA:345,231
DA:348,14
DA:349,56
DA:350,871
DA:351,87
DA:353,784
DA:362,14
DA:366,11
DA:367,11
DA:369,11
DA:370,11
DA:371,7
DA:372,7
DA:373,28
DA:375,7
DA:376,7
DA:377,7
DA:379,7
DA:386,7
DA:387,9
DA:388,9
DA:389,9
DA:390,7
DA:392,2
DA:402,7
DA:403,7
DA:407,0
DA:410,11
DA:414,2
DA:415,2
DA:416,2
DA:417,2
DA:418,2
DA:420,2
DA:422,0
DA:423,0
DA:428,2
DA:438,2
DA:439,2
DA:441,2
DA:442,2
DA:443,2
DA:444,2
DA:446,2
DA:447,4
DA:449,4
DA:450,2
DA:453,4
DA:454,4
DA:457,4
DA:458,4
DA:459,4
DA:460,4
DA:464,4
DA:470,4
DA:471,4
DA:474,2
DA:476,2
DA:478,2
DA:479,2
DA:481,2
DA:484,2
DA:485,0
DA:488,2
DA:492,8
DA:494,8
DA:495,26
DA:496,26
DA:497,10
DA:499,26
DA:503,8
DA:507,9
DA:508,7
DA:509,7
DA:511,7
DA:512,16
DA:513,7
DA:515,7
DA:516,7
DA:518,7
DA:519,16
DA:520,16
DA:521,14
DA:523,16
DA:524,14
DA:529,7
DA:540,2
DA:547,2
DA:548,6
DA:551,6
DA:552,2
DA:554,6
DA:555,6
DA:557,6
DA:558,0
DA:561,6
DA:562,6
DA:566,2
DA:570,3
DA:573,3
DA:574,1
DA:580,2
DA:581,2
DA:590,3
DA:591,1
DA:600,3
DA:601,1
DA:609,3
DA:613,2
DA:614,2
DA:615,2
DA:617,2
DA:618,2
DA:619,2
DA:621,2
DA:623,0
DA:624,0
DA:629,2
DA:631,2
DA:632,0
DA:633,0
DA:635,0
DA:636,0
DA:647,0
DA:648,0
DA:649,0
DA:650,0
DA:652,0
DA:653,0
DA:663,2
DA:667,9
DA:668,9
DA:669,9
DA:671,9
DA:672,8
DA:673,7
DA:674,6
DA:675,5
DA:676,4
DA:677,3
DA:678,2
DA:680,1
DA:685,1
DA:686,1
DA:687,1
DA:690,1
DA:698,2
DA:706,2
DA:707,2
DA:708,0
DA:709,0
DA:710,0
DA:712,0
DA:713,0
DA:717,2
DA:718,2
DA:719,0
DA:720,0
DA:722,0
DA:723,0
DA:724,0
DA:725,0
DA:729,2
DA:733,2
DA:734,2
DA:735,0
DA:736,0
DA:740,0
DA:741,0
DA:743,0
DA:745,0
DA:747,0
DA:748,0
DA:749,0
DA:752,0
DA:757,3
DA:759,3
DA:760,2
DA:761,1
DA:771,3
DA:772,1
DA:780,3
DA:784,1
DA:795,1
DA:799,2
DA:800,2
DA:801,2
DA:802,2
DA:803,2
DA:805,2
DA:807,0
DA:808,0
DA:813,3
DA:823,3
DA:824,3
DA:826,3
DA:827,3
DA:828,3
DA:829,3
DA:832,3
DA:833,10
DA:834,10
DA:835,4
DA:836,4
DA:842,10
DA:843,9
DA:849,10
DA:850,10
DA:859,3
DA:862,3
DA:867,7
DA:868,43
DA:871,7
DA:875,2
DA:876,2
DA:877,2
DA:878,2
DA:879,2
DA:881,2
DA:882,2
DA:883,2
DA:884,2
DA:885,2
DA:887,2
DA:888,2
DA:892,2
DA:901,3
DA:903,3
DA:904,1
DA:911,3
DA:912,1
DA:919,3
DA:920,1
DA:927,3
DA:931,10
DA:933,10
DA:934,10
DA:935,0
DA:938,12
DA:940,10
DA:941,12
DA:942,12
DA:943,48
DA:945,12
DA:946,36
DA:947,36
DA:948,36
DA:949,27
DA:957,0
DA:960,10
DA:964,2
DA:965,2
DA:966,2
DA:968,2
DA:975,6
DA:976,6
DA:978,6
DA:979,6
DA:981,6
DA:985,2
DA:986,9
DA:990,39
DA:992,39
DA:993,39
DA:994,39
DA:996,39
DA:1000,40
DA:1006,40
DA:1012,40
DA:1020,5
DA:1021,5
DA:1022,5
DA:1023,1
DA:1026,4
DA:1027,3
DA:1028,3
DA:1029,3
DA:1031,3
DA:1033,2
DA:1034,2
DA:1039,4
DA:1041,4
DA:1043,1
DA:1045,1
DA:1047,2
DA:1048,1
DA:1050,0
DA:1055,5
DA:1056,5
DA:1058,5
DA:1065,3
DA:1072,3
DA:1073,10
DA:1074,9
DA:1078,3
DA:1082,3
DA:1085,3
DA:1086,1
DA:1093,3
DA:1094,1
DA:1101,3
DA:1105,3
DA:1107,3
DA:1109,3
DA:1111,0
DA:1113,0
DA:1119,0
DA:1121,0
DA:1122,0
DA:1123,0
DA:1124,0
DA:1125,0
DA:1129,0
DA:1133,4
DA:1134,4
DA:1136,4
DA:1138,1
DA:1140,1
DA:1142,1
DA:1144,1
DA:1147,1
DA:1148,1
DA:1153,1
DA:1154,1
DA:1156,1
DA:1157,3
DA:1165,3
DA:1168,1
DA:1172,1
DA:1201,3
DA:1203,3
DA:1204,3
DA:1205,3
DA:1220,1
DA:1224,7
DA:1225,7
DA:1234,2
DA:1238,1
DA:1240,1
DA:1251,4
DA:1255,3
DA:1259,1
DA:1263,1
DA:1267,1
DA:1271,9
DA:1275,1
DA:1279,1
DA:1283,1
DA:1287,3
DA:1291,1
DA:1295,4
DA:1299,1
DA:1303,1
LF:520
LH:453
BRDA:13,0,0,40
BRDA:13,0,1,0
BRDA:38,1,0,1
BRDA:38,1,1,74
BRDA:82,2,0,111
BRDA:82,2,1,0
BRDA:82,3,0,111
BRDA:82,3,1,0
BRDA:86,4,0,402
BRDA:86,4,1,151
BRDA:93,5,0,111
BRDA:93,5,1,0
BRDA:94,6,0,68
BRDA:94,6,1,43
BRDA:101,7,0,111
BRDA:101,7,1,0
BRDA:103,8,0,35
BRDA:103,8,1,76
BRDA:110,9,0,111
BRDA:110,9,1,0
BRDA:112,10,0,280
BRDA:112,10,1,38
BRDA:119,11,0,9
BRDA:125,12,0,6
BRDA:125,12,1,5
BRDA:127,13,0,2
BRDA:127,13,1,3
BRDA:127,14,0,5
BRDA:127,14,1,2
BRDA:155,15,0,1
BRDA:155,15,1,8
BRDA:158,16,0,1
BRDA:158,16,1,7
BRDA:164,17,0,8
BRDA:164,17,1,2
BRDA:165,18,0,7
BRDA:165,18,1,1
BRDA:174,19,0,1
BRDA:174,19,1,8
BRDA:174,20,0,9
BRDA:174,20,1,1
BRDA:186,21,0,0
BRDA:186,21,1,2
BRDA:200,22,0,6
BRDA:200,22,1,0
BRDA:200,23,0,6
BRDA:200,23,1,0
BRDA:202,24,0,1
BRDA:202,24,1,5
BRDA:221,25,0,0
BRDA:221,25,1,3
BRDA:237,26,0,1
BRDA:237,26,1,13
BRDA:239,27,0,1
BRDA:239,27,1,0
BRDA:240,28,0,1
BRDA:240,28,1,0
BRDA:244,29,0,1
BRDA:244,29,1,0
BRDA:244,30,0,1
BRDA:244,30,1,1
BRDA:244,30,2,1
BRDA:244,30,3,1
BRDA:246,31,0,1
BRDA:246,31,1,2
BRDA:256,32,0,1
BRDA:256,32,1,13
BRDA:256,33,0,14
BRDA:256,33,1,1
BRDA:259,34,0,1
BRDA:259,34,1,0
BRDA:261,35,0,1
BRDA:261,35,1,1
BRDA:270,36,0,1
BRDA:270,36,1,13
BRDA:270,37,0,14
BRDA:270,37,1,1
BRDA:273,38,0,2
BRDA:273,38,1,2
BRDA:275,39,0,0
BRDA:275,39,1,0
BRDA:290,40,0,2
BRDA:290,40,1,0
BRDA:291,41,0,1
BRDA:291,41,1,1
BRDA:298,42,0,1
BRDA:298,42,1,0
BRDA:305,43,0,2
BRDA:305,43,1,1
BRDA:318,44,0,0
BRDA:318,44,1,10
BRDA:328,45,0,1
BRDA:328,45,1,13
BRDA:329,46,0,1
BRDA:329,46,1,13
BRDA:331,47,0,0
BRDA:331,47,1,14
BRDA:350,48,0,87
BRDA:350,48,1,784
BRDA:367,49,0,11
BRDA:367,49,1,10
BRDA:389,50,0,7
BRDA:389,50,1,2
BRDA:402,51,0,7
BRDA:402,51,1,0
BRDA:410,52,0,11
BRDA:410,52,1,11
BRDA:413,53,0,1
BRDA:449,54,0,2
BRDA:449,54,1,2
BRDA:453,55,0,4
BRDA:453,55,1,0
BRDA:457,56,0,4
BRDA:457,56,1,0
BRDA:474,57,0,2
BRDA:474,57,1,0
BRDA:476,58,0,2
BRDA:476,58,1,0
BRDA:479,59,0,2
BRDA:479,59,1,0
BRDA:481,60,0,2
BRDA:481,60,1,0
BRDA:484,61,0,0
BRDA:484,61,1,2
BRDA:495,62,0,26
BRDA:495,62,1,0
BRDA:496,63,0,10
BRDA:496,63,1,16
BRDA:512,64,0,16
BRDA:512,64,1,16
BRDA:519,65,0,16
BRDA:519,65,1,0
BRDA:520,66,0,14
BRDA:520,66,1,2
BRDA:523,67,0,14
BRDA:523,67,1,2
BRDA:551,68,0,2
BRDA:551,68,1,4
BRDA:557,69,0,0
BRDA:557,69,1,6
BRDA:557,70,0,6
BRDA:557,70,1,6
BRDA:561,71,0,6
BRDA:561,71,1,0
BRDA:561,72,0,6
BRDA:561,72,1,6
BRDA:573,73,0,1
BRDA:573,73,1,2
BRDA:580,74,0,2
BRDA:580,74,1,0
BRDA:590,75,0,1
BRDA:590,75,1,2
BRDA:600,76,0,1
BRDA:600,76,1,2
BRDA:612,77,0,0
BRDA:615,78,0,0
BRDA:615,78,1,0
BRDA:635,79,0,0
BRDA:635,79,1,0
BRDA:652,80,0,0
BRDA:652,80,1,0
BRDA:668,81,0,9
BRDA:668,81,1,0
BRDA:671,82,0,1
BRDA:671,82,1,8
BRDA:671,83,0,9
BRDA:671,83,1,8
BRDA:672,84,0,1
BRDA:672,84,1,7
BRDA:672,85,0,8
BRDA:672,85,1,7
BRDA:673,86,0,1
BRDA:673,86,1,6
BRDA:673,87,0,7
BRDA:673,87,1,6
BRDA:674,88,0,1
BRDA:674,88,1,5
BRDA:674,89,0,6
BRDA:674,89,1,5
BRDA:675,90,0,1
BRDA:675,90,1,4
BRDA:675,91,0,5
BRDA:675,91,1,4
BRDA:676,92,0,1
BRDA:676,92,1,3
BRDA:676,93,0,4
BRDA:676,93,1,3
BRDA:677,94,0,1
BRDA:677,94,1,2
BRDA:677,95,0,3
BRDA:677,95,1,2
BRDA:678,96,0,1
BRDA:678,96,1,1
BRDA:678,97,0,2
BRDA:678,97,1,1
BRDA:687,98,0,1
BRDA:687,98,1,0
BRDA:709,99,0,0
BRDA:709,99,1,0
BRDA:718,100,0,0
BRDA:718,100,1,2
BRDA:722,101,0,0
BRDA:722,101,1,0
BRDA:724,102,0,0
BRDA:724,102,1,0
BRDA:733,103,0,0
BRDA:733,103,1,2
BRDA:734,104,0,2
BRDA:734,104,1,0
BRDA:735,105,0,0
BRDA:735,105,1,0
BRDA:741,106,0,0
BRDA:741,106,1,0
BRDA:741,106,2,0
BRDA:741,106,3,0
BRDA:760,107,0,1
BRDA:760,107,1,1
BRDA:771,108,0,1
BRDA:771,108,1,2
BRDA:795,109,0,1
BRDA:795,109,1,0
BRDA:798,110,0,1
BRDA:833,111,0,10
BRDA:833,111,1,0
BRDA:834,112,0,4
BRDA:834,112,1,6
BRDA:838,113,0,4
BRDA:838,113,1,4
BRDA:842,114,0,9
BRDA:842,114,1,1
BRDA:845,115,0,9
BRDA:845,115,1,7
BRDA:849,116,0,10
BRDA:849,116,1,0
BRDA:852,117,0,10
BRDA:852,117,1,5
BRDA:859,118,0,3
BRDA:859,118,1,0
BRDA:868,119,0,43
BRDA:868,119,1,25
BRDA:871,120,0,7
BRDA:871,120,1,0
BRDA:887,121,0,2
BRDA:887,121,1,0
BRDA:893,122,0,2
BRDA:893,122,1,0
BRDA:894,123,0,2
BRDA:894,123,1,0
BRDA:895,124,0,2
BRDA:895,124,1,0
BRDA:903,125,0,1
BRDA:903,125,1,2
BRDA:911,126,0,1
BRDA:911,126,1,2
BRDA:919,127,0,1
BRDA:919,127,1,2
BRDA:934,128,0,0
BRDA:934,128,1,10
BRDA:948,129,0,27
BRDA:948,129,1,9
BRDA:976,130,0,0
BRDA:976,130,1,6
BRDA:981,131,0,6
BRDA:981,131,1,0
BRDA:984,132,0,0
BRDA:985,133,0,2
BRDA:985,133,1,2
BRDA:990,134,0,0
BRDA:990,134,1,39
BRDA:993,135,0,26
BRDA:993,135,1,13
BRDA:994,136,0,26
BRDA:994,136,1,13
BRDA:996,137,0,39
BRDA:996,137,1,26
BRDA:996,137,2,29
BRDA:996,137,3,16
BRDA:1019,138,0,2
BRDA:1022,139,0,1
BRDA:1022,139,1,4
BRDA:1039,140,0,4
BRDA:1039,140,1,3
BRDA:1041,141,0,1
BRDA:1041,141,1,1
BRDA:1041,141,2,2
BRDA:1041,141,3,0
BRDA:1045,142,0,1
BRDA:1045,142,1,0
BRDA:1047,143,0,1
BRDA:1047,143,1,1
BRDA:1068,144,0,3
BRDA:1068,144,1,2
BRDA:1073,145,0,9
BRDA:1073,145,1,1
BRDA:1085,146,0,1
BRDA:1085,146,1,2
BRDA:1085,147,0,3
BRDA:1085,147,1,2
BRDA:1093,148,0,1
BRDA:1093,148,1,2
BRDA:1093,149,0,3
BRDA:1093,149,1,1
BRDA:1105,150,0,3
BRDA:1105,150,1,3
BRDA:1107,151,0,3
BRDA:1107,151,1,0
BRDA:1107,151,2,0
BRDA:1121,152,0,0
BRDA:1121,152,1,0
BRDA:1121,153,0,0
BRDA:1121,153,1,0
BRDA:1124,154,0,0
BRDA:1124,154,1,0
BRDA:1132,155,0,1
BRDA:1134,156,0,4
BRDA:1134,156,1,1
BRDA:1136,157,0,1
BRDA:1136,157,1,1
BRDA:1136,157,2,1
BRDA:1136,157,3,1
BRDA:1158,158,0,3
BRDA:1158,158,1,0
BRDA:1159,159,0,3
BRDA:1159,159,1,0
BRDA:1160,160,0,3
BRDA:1160,160,1,0
BRDA:1161,161,0,3
BRDA:1161,161,1,0
BRDA:1162,162,0,3
BRDA:1162,162,1,0
BRDA:1163,163,0,3
BRDA:1163,163,1,0
BRDA:1203,164,0,0
BRDA:1203,164,1,3
BRDA:1204,165,0,0
BRDA:1204,165,1,3
BRDA:1207,166,0,3
BRDA:1207,166,1,0
BRDA:1208,167,0,3
BRDA:1208,167,1,0
BRDA:1209,168,0,3
BRDA:1209,168,1,0
BRDA:1210,169,0,3
BRDA:1210,169,1,0
BRDA:1211,170,0,3
BRDA:1211,170,1,0
BRDA:1212,171,0,3
BRDA:1212,171,1,0
BRDA:1238,172,0,0
BRDA:1238,172,1,1
BRF:350
BRH:254
end_of_record
TN:
SF:src/core/logging/log-retention-manager.js
FN:14,(anonymous_0)
FN:29,(anonymous_1)
FN:55,(anonymous_2)
FN:86,(anonymous_3)
FN:111,(anonymous_4)
FN:176,(anonymous_5)
FN:182,(anonymous_6)
FN:183,(anonymous_7)
FN:203,(anonymous_8)
FN:220,(anonymous_9)
FN:230,(anonymous_10)
FN:247,(anonymous_11)
FN:257,(anonymous_12)
FN:265,(anonymous_13)
FN:269,(anonymous_14)
FN:323,(anonymous_15)
FN:328,(anonymous_16)
FN:332,(anonymous_17)
FN:353,(anonymous_18)
FN:354,(anonymous_19)
FN:361,(anonymous_20)
FN:364,(anonymous_21)
FN:381,(anonymous_22)
FN:415,(anonymous_23)
FN:423,(anonymous_24)
FN:426,(anonymous_25)
FN:472,(anonymous_26)
FN:487,(anonymous_27)
FN:489,(anonymous_28)
FN:535,(anonymous_29)
FN:543,(anonymous_30)
FN:553,(anonymous_31)
FN:604,(anonymous_32)
FN:607,(anonymous_33)
FN:608,(anonymous_34)
FN:609,(anonymous_35)
FN:618,(anonymous_36)
FN:621,(anonymous_37)
FN:624,(anonymous_38)
FN:627,(anonymous_39)
FN:646,(anonymous_40)
FN:653,(anonymous_41)
FN:678,(anonymous_42)
FN:690,(anonymous_43)
FN:716,(anonymous_44)
FN:726,(anonymous_45)
FN:730,(anonymous_46)
FN:734,(anonymous_47)
FN:738,(anonymous_48)
FN:742,(anonymous_49)
FNF:50
FNH:48
FNDA:51,(anonymous_0)
FNDA:3,(anonymous_1)
FNDA:31,(anonymous_2)
FNDA:36,(anonymous_3)
FNDA:8,(anonymous_4)
FNDA:29,(anonymous_5)
FNDA:13022,(anonymous_6)
FNDA:13021,(anonymous_7)
FNDA:60458,(anonymous_8)
FNDA:13024,(anonymous_9)
FNDA:5,(anonymous_10)
FNDA:1515,(anonymous_11)
FNDA:9,(anonymous_12)
FNDA:3008,(anonymous_13)
FNDA:5,(anonymous_14)
FNDA:4,(anonymous_15)
FNDA:4,(anonymous_16)
FNDA:4,(anonymous_17)
FNDA:6,(anonymous_18)
FNDA:6,(anonymous_19)
FNDA:5,(anonymous_20)
FNDA:5,(anonymous_21)
FNDA:6,(anonymous_22)
FNDA:8,(anonymous_23)
FNDA:3008,(anonymous_24)
FNDA:2,(anonymous_25)
FNDA:8,(anonymous_26)
FNDA:1502,(anonymous_27)
FNDA:1502,(anonymous_28)
FNDA:8,(anonymous_29)
FNDA:3008,(anonymous_30)
FNDA:1,(anonymous_31)
FNDA:6,(anonymous_32)
FNDA:3005,(anonymous_33)
FNDA:3005,(anonymous_34)
FNDA:3005,(anonymous_35)
FNDA:3005,(anonymous_36)
FNDA:3005,(anonymous_37)
FNDA:3005,(anonymous_38)
FNDA:3,(anonymous_39)
FNDA:35,(anonymous_40)
FNDA:0,(anonymous_41)
FNDA:2,(anonymous_42)
FNDA:3,(anonymous_43)
FNDA:31,(anonymous_44)
FNDA:0,(anonymous_45)
FNDA:3,(anonymous_46)
FNDA:1,(anonymous_47)
FNDA:2,(anonymous_48)
FNDA:2,(anonymous_49)
DA:1,2
DA:2,2
DA:3,2
DA:4,2
DA:5,2
DA:15,51
DA:16,51
DA:17,51
DA:18,51
DA:19,51
DA:20,51
DA:21,51
DA:22,51
DA:30,3
DA:56,31
DA:58,31
DA:61,31
DA:64,31
DA:65,30
DA:68,31
DA:69,31
DA:74,0
DA:78,0
DA:87,36
DA:89,36
DA:90,1
DA:93,35
DA:94,1
DA:97,34
DA:98,1
DA:101,33
DA:102,1
DA:112,8
DA:113,1
DA:116,7
DA:118,7
DA:131,7
DA:133,7
DA:134,6
DA:137,6
DA:140,6
DA:144,6
DA:145,6
DA:148,6
DA:149,6
DA:150,6
DA:151,6
DA:153,6
DA:154,6
DA:156,6
DA:161,6
DA:163,1
DA:164,1
DA:168,1
DA:177,29
DA:178,29
DA:179,28
DA:181,28
DA:182,13022
DA:184,13021
DA:185,13021
DA:187,13021
DA:200,28
DA:203,60458
DA:205,28
DA:207,1
DA:211,1
DA:222,13024
DA:223,13024
DA:233,5
DA:237,5
DA:248,1515
DA:258,9
DA:263,9
DA:264,9
DA:265,3008
DA:269,9
DA:270,5
DA:271,5
DA:278,5
DA:279,3
DA:280,3
DA:281,3
DA:282,3
DA:284,2
DA:285,2
DA:288,5
DA:289,5
DA:290,5
DA:292,0
DA:296,0
DA:302,0
DA:303,0
DA:307,9
DA:309,9
DA:311,0
DA:314,0
DA:324,4
DA:325,4
DA:326,4
DA:328,4
DA:329,4
DA:333,4
DA:335,4
DA:338,4
DA:339,4
DA:341,0
DA:354,6
DA:355,6
DA:356,6
DA:357,6
DA:359,6
DA:362,5
DA:365,5
DA:366,5
DA:368,0
DA:382,6
DA:389,6
DA:390,6
DA:391,6
DA:392,6
DA:395,6
DA:396,6
DA:397,6
DA:398,6
DA:401,6
DA:402,6
DA:403,6
DA:404,6
DA:406,6
DA:416,8
DA:422,8
DA:423,3008
DA:426,8
DA:427,2
DA:428,2
DA:437,2
DA:438,2
DA:441,1
DA:442,1
DA:443,1
DA:444,1
DA:446,1
DA:450,1
DA:456,1
DA:457,1
DA:461,8
DA:463,8
DA:473,8
DA:479,8
DA:480,8
DA:481,4
DA:485,4
DA:487,1502
DA:489,4
DA:490,1502
DA:491,1502
DA:500,1502
DA:501,2
DA:504,1502
DA:505,1502
DA:506,1502
DA:507,1502
DA:509,0
DA:513,0
DA:519,0
DA:520,0
DA:524,4
DA:526,4
DA:536,8
DA:542,8
DA:543,3008
DA:545,8
DA:546,7
DA:549,1
DA:550,1
DA:553,1
DA:556,1
DA:557,1
DA:559,1
DA:561,0
DA:564,1
DA:565,1
DA:574,1
DA:576,1
DA:579,1
DA:580,1
DA:581,1
DA:582,1
DA:584,0
DA:588,0
DA:597,1
DA:605,6
DA:606,6
DA:607,3005
DA:608,3005
DA:609,3005
DA:611,6
DA:618,3005
DA:621,3005
DA:624,3005
DA:627,3
DA:633,6
DA:635,0
DA:638,0
DA:647,35
DA:648,5
DA:651,35
DA:653,35
DA:654,0
DA:655,0
DA:656,0
DA:657,0
DA:661,0
DA:667,35
DA:679,2
DA:690,2
DA:692,3
DA:693,3
DA:695,3
DA:698,3
DA:699,3
DA:700,2
DA:702,3
DA:703,1
DA:707,2
DA:709,2
DA:717,31
DA:718,30
DA:719,30
DA:722,31
DA:727,0
DA:731,3
DA:735,1
DA:739,2
DA:743,2
DA:747,2
LF:237
LH:212
BRDA:14,0,0,1
BRDA:16,1,0,51
BRDA:16,1,1,1
BRDA:18,2,0,51
BRDA:18,2,1,2
BRDA:64,3,0,30
BRDA:64,3,1,1
BRDA:89,4,0,1
BRDA:89,4,1,35
BRDA:89,5,0,36
BRDA:89,5,1,36
BRDA:93,6,0,1
BRDA:93,6,1,34
BRDA:93,7,0,35
BRDA:93,7,1,35
BRDA:97,8,0,1
BRDA:97,8,1,33
BRDA:97,9,0,34
BRDA:97,9,1,34
BRDA:101,10,0,1
BRDA:101,10,1,32
BRDA:101,11,0,33
BRDA:101,11,1,33
BRDA:111,12,0,2
BRDA:112,13,0,1
BRDA:112,13,1,7
BRDA:182,14,0,13022
BRDA:182,14,1,5
BRDA:223,15,0,13021
BRDA:223,15,1,3
BRDA:257,16,0,0
BRDA:257,17,0,0
BRDA:265,18,0,3008
BRDA:265,18,1,3008
BRDA:265,18,2,6
BRDA:278,19,0,3
BRDA:278,19,1,2
BRDA:365,20,0,5
BRDA:365,20,1,0
BRDA:381,21,0,0
BRDA:415,22,0,0
BRDA:423,23,0,3008
BRDA:423,23,1,4
BRDA:437,24,0,2
BRDA:437,24,1,0
BRDA:472,25,0,0
BRDA:480,26,0,4
BRDA:480,26,1,4
BRDA:500,27,0,2
BRDA:500,27,1,1500
BRDA:535,28,0,0
BRDA:545,29,0,7
BRDA:545,29,1,1
BRDA:556,30,0,2
BRDA:556,30,1,2
BRDA:559,31,0,0
BRDA:559,31,1,1
BRDA:574,32,0,1
BRDA:574,32,1,0
BRDA:617,33,0,5
BRDA:617,33,1,1
BRDA:620,34,0,5
BRDA:620,34,1,1
BRDA:623,35,0,5
BRDA:623,35,1,1
BRDA:626,36,0,2
BRDA:626,36,1,4
BRDA:646,37,0,2
BRDA:647,38,0,5
BRDA:647,38,1,30
BRDA:692,39,0,3
BRDA:692,39,1,0
BRDA:699,40,0,2
BRDA:699,40,1,1
BRDA:702,41,0,1
BRDA:702,41,1,2
BRDA:717,42,0,30
BRDA:717,42,1,1
BRF:78
BRH:67
end_of_record
TN:
SF:src/core/sdk/communication-manager.js
FN:13,(anonymous_0)
FN:25,(anonymous_1)
FN:124,(anonymous_2)
FN:439,(anonymous_3)
FN:723,(anonymous_4)
FN:771,(anonymous_5)
FN:811,(anonymous_6)
FN:819,(anonymous_7)
FN:820,(anonymous_8)
FN:829,(anonymous_9)
FN:878,(anonymous_10)
FN:881,(anonymous_11)
FN:914,(anonymous_12)
FN:949,(anonymous_13)
FN:1009,(anonymous_14)
FN:1013,(anonymous_15)
FNF:16
FNH:15
FNDA:131,(anonymous_0)
FNDA:73,(anonymous_1)
FNDA:26,(anonymous_2)
FNDA:0,(anonymous_3)
FNDA:11,(anonymous_4)
FNDA:10,(anonymous_5)
FNDA:13,(anonymous_6)
FNDA:4,(anonymous_7)
FNDA:6,(anonymous_8)
FNDA:6,(anonymous_9)
FNDA:18,(anonymous_10)
FNDA:17,(anonymous_11)
FNDA:26,(anonymous_12)
FNDA:80,(anonymous_13)
FNDA:23,(anonymous_14)
FNDA:10,(anonymous_15)
DA:2,7
DA:3,7
DA:4,7
DA:5,7
DA:6,7
DA:14,131
DA:15,131
DA:16,131
DA:26,73
DA:28,73
DA:29,73
DA:35,73
DA:36,2
DA:44,71
DA:45,8
DA:53,63
DA:54,63
DA:56,63
DA:64,63
DA:65,2
DA:73,61
DA:89,61
DA:91,60
DA:93,60
DA:102,60
DA:104,13
DA:106,13
DA:113,13
DA:125,26
DA:126,26
DA:127,26
DA:128,26
DA:129,2
DA:136,24
DA:137,1
DA:145,23
DA:146,8
DA:155,15
DA:157,15
DA:167,15
DA:168,14
DA:169,14
DA:191,1
DA:198,15
DA:205,15
DA:213,15
DA:214,15
DA:217,15
DA:227,15
DA:228,15
DA:233,15
DA:241,15
DA:242,15
DA:244,15
DA:245,13
DA:252,13
DA:253,13
DA:254,18
DA:255,18
DA:256,18
DA:258,18
DA:268,18
DA:269,4
DA:270,4
DA:277,18
DA:280,18
DA:283,18
DA:284,18
DA:285,18
DA:293,18
DA:300,18
DA:302,18
DA:310,13
DA:317,13
DA:318,0
DA:322,13
DA:323,12
DA:324,12
DA:325,12
DA:340,11
DA:341,1
DA:355,1
DA:362,13
DA:369,13
DA:371,13
DA:373,13
DA:386,13
DA:387,13
DA:388,13
DA:405,3
DA:412,13
DA:418,13
DA:419,11
DA:420,11
DA:428,13
DA:440,0
DA:441,0
DA:442,0
DA:443,0
DA:444,0
DA:451,0
DA:452,0
DA:460,0
DA:461,0
DA:470,0
DA:472,0
DA:482,0
DA:483,0
DA:484,0
DA:506,0
DA:513,0
DA:520,0
DA:528,0
DA:529,0
DA:532,0
DA:542,0
DA:543,0
DA:548,0
DA:556,0
DA:557,0
DA:559,0
DA:569,0
DA:570,0
DA:571,0
DA:578,0
DA:581,0
DA:584,0
DA:585,0
DA:586,0
DA:594,0
DA:597,0
DA:604,0
DA:605,0
DA:609,0
DA:610,0
DA:611,0
DA:612,0
DA:627,0
DA:628,0
DA:642,0
DA:649,0
DA:656,0
DA:658,0
DA:671,0
DA:672,0
DA:673,0
DA:690,0
DA:697,0
DA:703,0
DA:704,0
DA:705,0
DA:713,0
DA:724,11
DA:725,11
DA:726,11
DA:727,2
DA:728,2
DA:732,9
DA:741,7
DA:742,7
DA:743,7
DA:750,7
DA:756,7
DA:758,2
DA:762,2
DA:772,10
DA:773,10
DA:774,10
DA:775,2
DA:776,2
DA:780,8
DA:781,8
DA:785,8
DA:786,8
DA:789,8
DA:791,8
DA:796,8
DA:798,0
DA:802,0
DA:812,13
DA:820,6
DA:830,6
DA:831,6
DA:832,6
DA:833,2
DA:834,2
DA:838,4
DA:839,2
DA:840,2
DA:844,2
DA:845,2
DA:846,2
DA:853,2
DA:858,2
DA:860,0
DA:865,0
DA:879,18
DA:881,17
DA:882,17
DA:883,17
DA:898,1
DA:915,26
DA:916,6
DA:920,20
DA:921,20
DA:923,20
DA:924,20
DA:926,20
DA:927,20
DA:928,20
DA:930,20
DA:950,80
DA:951,8
DA:954,72
DA:955,72
DA:958,72
DA:961,8
DA:965,64
DA:968,7
DA:972,57
DA:974,6
DA:978,51
DA:980,7
DA:984,44
DA:986,6
DA:990,38
DA:992,6
DA:996,32
DA:998,8
DA:1001,24
DA:1010,23
DA:1012,23
DA:1013,10
DA:1014,9
DA:1016,7
DA:1019,7
DA:1022,6
DA:1032,1
DA:1041,7
LF:239
LH:177
BRDA:13,0,0,35
BRDA:35,1,0,2
BRDA:35,1,1,71
BRDA:44,2,0,8
BRDA:44,2,1,63
BRDA:44,3,0,71
BRDA:44,3,1,66
BRDA:54,4,0,63
BRDA:54,4,1,62
BRDA:64,5,0,2
BRDA:64,5,1,61
BRDA:64,6,0,63
BRDA:64,6,1,62
BRDA:124,7,0,26
BRDA:128,8,0,2
BRDA:128,8,1,24
BRDA:136,9,0,1
BRDA:136,9,1,23
BRDA:145,10,0,8
BRDA:145,10,1,15
BRDA:145,11,0,23
BRDA:145,11,1,18
BRDA:167,12,0,14
BRDA:167,12,1,1
BRDA:182,13,0,14
BRDA:182,13,1,14
BRDA:209,14,0,15
BRDA:209,14,1,15
BRDA:237,15,0,15
BRDA:237,15,1,15
BRDA:264,16,0,18
BRDA:264,16,1,2
BRDA:268,17,0,4
BRDA:268,17,1,14
BRDA:283,18,0,18
BRDA:283,18,1,2
BRDA:289,19,0,18
BRDA:289,19,1,2
BRDA:317,20,0,0
BRDA:317,20,1,13
BRDA:322,21,0,12
BRDA:322,21,1,1
BRDA:334,22,0,12
BRDA:334,22,1,0
BRDA:340,23,0,1
BRDA:340,23,1,10
BRDA:380,24,0,13
BRDA:380,24,1,8
BRDA:381,25,0,13
BRDA:381,25,1,13
BRDA:386,26,0,13
BRDA:386,26,1,0
BRDA:418,27,0,11
BRDA:418,27,1,2
BRDA:439,28,0,0
BRDA:443,29,0,0
BRDA:443,29,1,0
BRDA:451,30,0,0
BRDA:451,30,1,0
BRDA:460,31,0,0
BRDA:460,31,1,0
BRDA:460,32,0,0
BRDA:460,32,1,0
BRDA:482,33,0,0
BRDA:482,33,1,0
BRDA:497,34,0,0
BRDA:497,34,1,0
BRDA:524,35,0,0
BRDA:524,35,1,0
BRDA:565,36,0,0
BRDA:565,36,1,0
BRDA:569,37,0,0
BRDA:569,37,1,0
BRDA:584,38,0,0
BRDA:584,38,1,0
BRDA:590,39,0,0
BRDA:590,39,1,0
BRDA:604,40,0,0
BRDA:604,40,1,0
BRDA:609,41,0,0
BRDA:609,41,1,0
BRDA:621,42,0,0
BRDA:621,42,1,0
BRDA:627,43,0,0
BRDA:627,43,1,0
BRDA:665,44,0,0
BRDA:665,44,1,0
BRDA:666,45,0,0
BRDA:666,45,1,0
BRDA:671,46,0,0
BRDA:671,46,1,0
BRDA:703,47,0,0
BRDA:703,47,1,0
BRDA:726,48,0,2
BRDA:726,48,1,9
BRDA:733,49,0,9
BRDA:733,49,1,5
BRDA:735,50,0,7
BRDA:735,50,1,4
BRDA:736,51,0,7
BRDA:736,51,1,3
BRDA:774,52,0,2
BRDA:774,52,1,8
BRDA:780,53,0,8
BRDA:780,53,1,0
BRDA:812,54,0,13
BRDA:812,54,1,2
BRDA:832,55,0,2
BRDA:832,55,1,4
BRDA:838,56,0,2
BRDA:838,56,1,2
BRDA:879,57,0,17
BRDA:879,57,1,1
BRDA:915,58,0,6
BRDA:915,58,1,20
BRDA:915,59,0,26
BRDA:915,59,1,23
BRDA:923,60,0,20
BRDA:923,60,1,11
BRDA:924,61,0,20
BRDA:924,61,1,13
BRDA:950,62,0,8
BRDA:950,62,1,72
BRDA:950,63,0,80
BRDA:950,63,1,77
BRDA:955,64,0,65
BRDA:955,64,1,7
BRDA:958,65,0,8
BRDA:958,65,1,64
BRDA:958,66,0,72
BRDA:958,66,1,70
BRDA:958,66,2,68
BRDA:958,66,3,67
BRDA:958,66,4,65
BRDA:958,66,5,64
BRDA:965,67,0,7
BRDA:965,67,1,57
BRDA:965,68,0,64
BRDA:965,68,1,62
BRDA:965,68,2,61
BRDA:965,68,3,59
BRDA:965,68,4,57
BRDA:965,68,5,57
BRDA:972,69,0,6
BRDA:972,69,1,51
BRDA:972,70,0,57
BRDA:972,70,1,53
BRDA:972,70,2,51
BRDA:978,71,0,7
BRDA:978,71,1,44
BRDA:978,72,0,51
BRDA:978,72,1,49
BRDA:978,72,2,47
BRDA:978,72,3,46
BRDA:984,73,0,6
BRDA:984,73,1,38
BRDA:984,74,0,44
BRDA:984,74,1,41
BRDA:984,74,2,39
BRDA:990,75,0,6
BRDA:990,75,1,32
BRDA:990,76,0,38
BRDA:990,76,1,35
BRDA:990,76,2,33
BRDA:996,77,0,8
BRDA:996,77,1,24
BRDA:996,78,0,32
BRDA:996,78,1,28
BRDA:996,78,2,26
BRDA:1012,79,0,9
BRDA:1012,79,1,14
BRDA:1012,80,0,23
BRDA:1012,80,1,21
BRDA:1014,81,0,7
BRDA:1014,81,1,2
BRDA:1014,82,0,9
BRDA:1014,82,1,9
BRDA:1026,83,0,6
BRDA:1026,83,1,1
BRF:179
BRH:136
end_of_record
TN:
SF:src/core/sdk/sdk-types.js
FN:51,createSDKSessionConfig
FN:81,generateMessageId
FN:93,createSDKMessage
FN:114,createSDKError
FN:134,validateSDKSessionConfig
FN:165,validateSDKMessage
FN:190,generateSDKSessionId
FN:200,transformLegacySessionToSDK
FN:224,checkSDKEnvironment
FNF:9
FNH:9
FNDA:3,createSDKSessionConfig
FNDA:4,generateMessageId
FNDA:2,createSDKMessage
FNDA:2,createSDKError
FNDA:10,validateSDKSessionConfig
FNDA:6,validateSDKMessage
FNDA:3,generateSDKSessionId
FNDA:3,transformLegacySessionToSDK
FNDA:4,checkSDKEnvironment
DA:12,12
DA:23,12
DA:33,12
DA:57,3
DA:59,3
DA:60,1
DA:63,2
DA:82,4
DA:94,2
DA:115,2
DA:135,10
DA:136,2
DA:139,8
DA:140,2
DA:143,6
DA:144,1
DA:147,5
DA:148,2
DA:151,3
DA:152,2
DA:155,1
DA:166,6
DA:167,2
DA:170,4
DA:171,1
DA:174,3
DA:175,1
DA:178,2
DA:179,1
DA:182,1
DA:191,3
DA:201,3
DA:202,2
DA:205,1
DA:225,4
DA:234,4
DA:235,4
DA:236,4
DA:237,4
DA:239,4
DA:240,0
DA:243,0
DA:247,4
DA:249,4
DA:250,1
DA:254,4
DA:255,4
DA:256,4
DA:258,0
DA:259,0
DA:262,4
DA:265,12
LF:52
LH:48
BRDA:51,0,0,0
BRDA:54,1,0,2
BRDA:55,2,0,2
BRDA:56,3,0,2
BRDA:59,4,0,1
BRDA:59,4,1,2
BRDA:93,5,0,1
BRDA:114,6,0,1
BRDA:119,7,0,1
BRDA:119,7,1,1
BRDA:135,8,0,2
BRDA:135,8,1,8
BRDA:135,9,0,10
BRDA:135,9,1,9
BRDA:139,10,0,2
BRDA:139,10,1,6
BRDA:139,11,0,8
BRDA:139,11,1,6
BRDA:143,12,0,1
BRDA:143,12,1,5
BRDA:147,13,0,2
BRDA:147,13,1,3
BRDA:147,14,0,5
BRDA:147,14,1,3
BRDA:147,14,2,2
BRDA:151,15,0,2
BRDA:151,15,1,1
BRDA:151,16,0,3
BRDA:151,16,1,3
BRDA:151,16,2,3
BRDA:151,16,3,2
BRDA:166,17,0,2
BRDA:166,17,1,4
BRDA:166,18,0,6
BRDA:166,18,1,5
BRDA:170,19,0,1
BRDA:170,19,1,3
BRDA:170,20,0,4
BRDA:170,20,1,3
BRDA:174,21,0,1
BRDA:174,21,1,2
BRDA:174,22,0,3
BRDA:174,22,1,3
BRDA:178,23,0,1
BRDA:178,23,1,1
BRDA:178,24,0,2
BRDA:178,24,1,1
BRDA:201,25,0,2
BRDA:201,25,1,1
BRDA:201,26,0,3
BRDA:201,26,1,2
BRDA:239,27,0,0
BRDA:239,27,1,4
BRDA:247,28,0,4
BRDA:247,28,1,3
BRDA:249,29,0,1
BRDA:249,29,1,3
BRF:57
BRH:55
end_of_record
TN:
SF:src/testing/ui/InkUITester.js
FN:12,(anonymous_0)
FN:32,(anonymous_1)
FN:54,(anonymous_2)
FN:72,(anonymous_3)
FN:82,(anonymous_4)
FN:94,(anonymous_5)
FN:101,(anonymous_6)
FN:111,(anonymous_7)
FN:115,(anonymous_8)
FN:116,(anonymous_9)
FN:135,(anonymous_10)
FN:153,(anonymous_11)
FN:154,(anonymous_12)
FN:161,(anonymous_13)
FN:174,(anonymous_14)
FN:208,(anonymous_15)
FN:223,(anonymous_16)
FN:224,(anonymous_17)
FN:225,(anonymous_18)
FN:232,(anonymous_19)
FN:246,(anonymous_20)
FN:254,(anonymous_21)
FN:261,(anonymous_22)
FN:268,(anonymous_23)
FN:273,(anonymous_24)
FN:279,(anonymous_25)
FN:280,(anonymous_26)
FN:302,(anonymous_27)
FN:303,(anonymous_28)
FN:311,(anonymous_29)
FNF:30
FNH:2
FNDA:3,(anonymous_0)
FNDA:0,(anonymous_1)
FNDA:0,(anonymous_2)
FNDA:0,(anonymous_3)
FNDA:0,(anonymous_4)
FNDA:0,(anonymous_5)
FNDA:0,(anonymous_6)
FNDA:0,(anonymous_7)
FNDA:0,(anonymous_8)
FNDA:0,(anonymous_9)
FNDA:0,(anonymous_10)
FNDA:0,(anonymous_11)
FNDA:0,(anonymous_12)
FNDA:0,(anonymous_13)
FNDA:2,(anonymous_14)
FNDA:0,(anonymous_15)
FNDA:0,(anonymous_16)
FNDA:0,(anonymous_17)
FNDA:0,(anonymous_18)
FNDA:0,(anonymous_19)
FNDA:0,(anonymous_20)
FNDA:0,(anonymous_21)
FNDA:0,(anonymous_22)
FNDA:0,(anonymous_23)
FNDA:0,(anonymous_24)
FNDA:0,(anonymous_25)
FNDA:0,(anonymous_26)
FNDA:0,(anonymous_27)
FNDA:0,(anonymous_28)
FNDA:0,(anonymous_29)
DA:6,1
DA:7,1
DA:9,1
DA:13,3
DA:15,3
DA:23,3
DA:24,3
DA:25,3
DA:26,3
DA:33,0
DA:34,0
DA:37,0
DA:38,0
DA:41,0
DA:44,0
DA:46,0
DA:55,0
DA:64,0
DA:71,0
DA:72,0
DA:73,0
DA:78,0
DA:79,0
DA:82,0
DA:83,0
DA:88,0
DA:89,0
DA:94,0
DA:95,0
DA:96,0
DA:97,0
DA:101,0
DA:102,0
DA:105,0
DA:112,0
DA:113,0
DA:115,0
DA:116,0
DA:118,0
DA:119,0
DA:120,0
DA:124,0
DA:125,0
DA:126,0
DA:136,0
DA:137,0
DA:140,0
DA:142,0
DA:145,0
DA:146,0
DA:154,0
DA:155,0
DA:156,0
DA:157,0
DA:160,0
DA:161,0
DA:162,0
DA:163,0
DA:166,0
DA:175,2
DA:176,1
DA:179,1
DA:181,1
DA:183,1
DA:184,0
DA:185,0
DA:186,0
DA:187,0
DA:188,1
DA:189,0
DA:190,0
DA:191,0
DA:192,0
DA:196,1
DA:197,1
DA:198,0
DA:199,0
DA:202,1
DA:209,0
DA:211,0
DA:213,0
DA:214,0
DA:217,0
DA:224,0
DA:225,0
DA:226,0
DA:227,0
DA:229,0
DA:232,0
DA:233,0
DA:234,0
DA:238,0
DA:239,0
DA:247,0
DA:248,0
DA:255,0
DA:262,0
DA:269,0
DA:270,0
DA:273,0
DA:274,0
DA:277,0
DA:279,0
DA:280,0
DA:281,0
DA:283,0
DA:284,0
DA:285,0
DA:286,0
DA:290,0
DA:291,0
DA:292,0
DA:293,0
DA:303,0
DA:304,0
DA:312,0
DA:322,0
DA:326,1
LF:118
LH:19
BRDA:12,0,0,3
BRDA:16,1,0,3
BRDA:16,1,1,3
BRDA:17,2,0,3
BRDA:17,2,1,3
BRDA:19,3,0,3
BRDA:19,3,1,3
BRDA:33,4,0,0
BRDA:33,4,1,0
BRDA:71,5,0,0
BRDA:71,5,1,0
BRDA:96,6,0,0
BRDA:96,6,1,0
BRDA:112,7,0,0
BRDA:112,7,1,0
BRDA:118,8,0,0
BRDA:118,8,1,0
BRDA:118,9,0,0
BRDA:118,9,1,0
BRDA:124,10,0,0
BRDA:124,10,1,0
BRDA:136,11,0,0
BRDA:136,11,1,0
BRDA:145,12,0,0
BRDA:145,12,1,0
BRDA:155,13,0,0
BRDA:155,13,1,0
BRDA:155,14,0,0
BRDA:155,14,1,0
BRDA:162,15,0,0
BRDA:162,15,1,0
BRDA:175,16,0,1
BRDA:175,16,1,1
BRDA:181,17,0,1
BRDA:181,17,1,0
BRDA:183,18,0,0
BRDA:183,18,1,0
BRDA:183,18,2,0
BRDA:183,18,3,0
BRDA:183,18,4,1
BRDA:183,18,5,0
BRDA:183,18,6,0
BRDA:183,18,7,0
BRDA:183,18,8,0
BRDA:196,19,0,0
BRDA:196,19,1,1
BRDA:197,20,0,0
BRDA:197,20,1,1
BRDA:198,21,0,0
BRDA:198,21,1,0
BRDA:209,22,0,0
BRDA:209,22,1,0
BRDA:213,23,0,0
BRDA:213,23,1,0
BRDA:213,24,0,0
BRDA:213,24,1,0
BRDA:226,25,0,0
BRDA:226,25,1,0
BRDA:268,26,0,0
BRDA:283,27,0,0
BRDA:283,27,1,0
BRDA:290,28,0,0
BRDA:290,28,1,0
BRF:63
BRH:13
end_of_record
TN:
SF:src/ui/index.ts
FN:12,(anonymous_1)
FN:15,(anonymous_2)
FNF:2
FNH:0
FNDA:0,(anonymous_1)
FNDA:0,(anonymous_2)
DA:1,1
DA:2,1
DA:4,1
DA:5,1
DA:13,0
DA:16,0
DA:18,0
DA:20,0
DA:24,0
DA:27,0
DA:30,0
DA:32,0
DA:34,0
DA:35,0
DA:36,0
DA:39,0
DA:40,0
DA:41,0
DA:42,0
DA:43,0
DA:44,0
DA:45,0
DA:47,0
DA:53,1
LF:24
LH:5
BRDA:34,0,0,0
BRDA:34,0,1,0
BRDA:35,1,0,0
BRDA:35,1,1,0
BRF:4
BRH:0
end_of_record
TN:
SF:src/ui-tests/mock-napoleon.js
FN:22,render
FN:26,(anonymous_1)
FN:35,(anonymous_2)
FN:87,(anonymous_3)
FNF:4
FNH:0
FNDA:0,render
FNDA:0,(anonymous_1)
FNDA:0,(anonymous_2)
FNDA:0,(anonymous_3)
DA:5,0
DA:6,0
DA:7,0
DA:8,0
DA:9,0
DA:10,0
DA:11,0
DA:14,0
DA:15,0
DA:16,0
DA:17,0
DA:18,0
DA:19,0
DA:20,0
DA:23,0
DA:26,0
DA:27,0
DA:28,0
DA:29,0
DA:32,0
DA:33,0
DA:35,0
DA:36,0
DA:37,0
DA:38,0
DA:39,0
DA:44,0
DA:46,0
DA:47,0
DA:49,0
DA:50,0
DA:54,0
DA:57,0
DA:58,0
DA:59,0
DA:60,0
DA:61,0
DA:62,0
DA:63,0
DA:64,0
DA:65,0
DA:66,0
DA:68,0
DA:71,0
DA:75,0
DA:76,0
DA:81,0
DA:82,0
DA:84,0
DA:85,0
DA:87,0
DA:89,0
DA:90,0
DA:93,0
DA:94,0
[...]
FNDA:2,(anonymous_2)
FNDA:16,(anonymous_3)
FNDA:15,(anonymous_4)
FNDA:1,(anonymous_5)
FNDA:1,(anonymous_6)
FNDA:0,(anonymous_7)
FNDA:0,(anonymous_8)
FNDA:0,(anonymous_9)
FNDA:0,(anonymous_10)
FNDA:0,(anonymous_11)
FNDA:0,(anonymous_12)
FNDA:0,(anonymous_13)
FNDA:0,(anonymous_14)
FNDA:0,(anonymous_15)
FNDA:0,(anonymous_16)
FNDA:0,(anonymous_17)
FNDA:0,(anonymous_18)
FNDA:0,(anonymous_19)
FNDA:0,(anonymous_20)
FNDA:0,(anonymous_21)
FNDA:15,(anonymous_22)
DA:1,18
DA:5,18
DA:25,18
DA:26,16
DA:27,16
DA:28,16
DA:29,16
DA:30,16
DA:33,16
DA:40,2
DA:55,16
DA:56,16
DA:59,15
DA:60,15
DA:61,0
DA:62,0
DA:63,0
DA:66,15
DA:67,15
DA:69,14
DA:70,1
DA:71,1
DA:76,14
DA:86,1
DA:100,14
DA:102,0
DA:103,0
DA:104,0
DA:105,0
DA:106,0
DA:113,0
DA:115,0
DA:116,0
DA:119,0
DA:124,0
DA:126,0
DA:129,0
DA:130,0
DA:133,0
DA:138,0
DA:143,0
DA:145,14
DA:148,14
DA:149,0
DA:150,0
DA:152,0
DA:155,1
DA:156,1
DA:158,15
DA:163,15
DA:166,15
DA:168,15
DA:169,0
DA:170,0
DA:171,0
DA:177,16
DA:178,0
DA:182,16
DA:189,0
DA:190,0
DA:193,0
DA:194,0
DA:197,0
DA:198,0
DA:207,0
DA:212,0
DA:213,0
DA:215,0
DA:216,0
DA:217,0
DA:220,0
DA:221,0
DA:222,0
DA:227,16
DA:228,0
DA:229,0
DA:232,0
DA:233,0
DA:236,0
DA:239,0
DA:240,0
DA:242,0
DA:243,0
DA:244,0
DA:249,0
DA:250,0
DA:253,0
DA:254,0
DA:259,16
DA:261,16
LF:90
LH:35
BRDA:43,0,0,2
BRDA:43,0,1,1
BRDA:44,1,0,1
BRDA:44,1,1,1
BRDA:45,2,0,1
BRDA:45,2,1,1
BRDA:50,3,0,2
BRDA:50,3,1,1
BRDA:56,4,0,1
BRDA:60,5,0,0
BRDA:73,6,0,1
BRDA:73,6,1,0
BRDA:89,7,0,1
BRDA:89,7,1,0
BRDA:90,8,0,0
BRDA:90,8,1,1
BRDA:91,9,0,0
BRDA:91,9,1,1
BRDA:96,10,0,1
BRDA:96,10,1,0
BRDA:103,11,0,0
BRDA:106,12,0,0
BRDA:106,12,1,0
BRDA:106,12,2,0
BRDA:106,12,3,0
BRDA:113,13,0,0
BRDA:113,13,1,0
BRDA:116,14,0,0
BRDA:119,15,0,0
BRDA:119,15,1,0
BRDA:119,15,2,0
BRDA:124,16,0,0
BRDA:124,16,1,0
BRDA:124,17,0,0
BRDA:124,17,1,0
BRDA:126,18,0,0
BRDA:126,18,1,0
BRDA:129,19,0,0
BRDA:137,20,0,0
BRDA:137,20,1,0
BRDA:138,21,0,0
BRDA:138,21,1,0
BRDA:138,22,0,0
BRDA:138,22,1,0
BRDA:143,23,0,0
BRDA:143,23,1,0
BRDA:149,24,0,0
BRDA:149,25,0,0
BRDA:149,25,1,0
BRDA:169,26,0,0
BRDA:189,27,0,0
BRDA:193,28,0,0
BRDA:202,29,0,0
BRDA:202,29,1,0
BRDA:212,30,0,0
BRDA:227,31,0,0
BRDA:228,32,0,0
BRDA:236,33,0,0
BRDA:236,33,1,0
BRDA:239,34,0,0
BRDA:246,35,0,0
BRDA:246,35,1,0
BRDA:259,36,0,15
BRDA:259,36,1,1
BRF:64
BRH:16
end_of_record
TN:
SF:src/ui/ink/utils/input-normalizer.ts
FN:32,normalizeKey
FN:192,matchesBinding
FN:196,(anonymous_11)
FN:213,getKeyDescription
FN:217,(anonymous_13)
FN:220,(anonymous_14)
FN:246,debugKey
FN:247,(anonymous_16)
FNF:8
FNH:8
FNDA:61,normalizeKey
FNDA:12,matchesBinding
FNDA:19,(anonymous_11)
FNDA:14,getKeyDescription
FNDA:23,(anonymous_13)
FNDA:4,(anonymous_14)
FNDA:40,debugKey
FNDA:48,(anonymous_16)
DA:6,3
DA:8,3
DA:32,3
DA:33,61
DA:36,61
DA:38,59
DA:39,1
DA:40,1
DA:45,59
DA:46,2
DA:47,2
DA:52,61
DA:54,2
DA:56,1
DA:57,1
DA:58,1
DA:60,1
DA:61,1
DA:66,61
DA:68,2
DA:69,1
DA:70,1
DA:71,1
DA:76,61
DA:102,61
DA:103,26
DA:107,61
DA:108,16
DA:111,16
DA:112,3
DA:113,3
DA:117,13
DA:118,7
DA:119,7
DA:122,7
DA:124,1
DA:125,1
DA:127,1
DA:128,1
DA:130,1
DA:131,1
DA:132,1
DA:134,1
DA:135,1
DA:136,1
DA:138,1
DA:139,1
DA:140,1
DA:143,2
DA:149,58
DA:150,15
DA:151,15
DA:152,13
DA:156,58
DA:162,3
DA:192,3
DA:193,12
DA:194,12
DA:196,11
DA:197,19
DA:199,3
DA:200,3
DA:201,3
DA:203,3
DA:206,16
DA:213,3
DA:214,14
DA:215,14
DA:217,13
DA:218,23
DA:219,2
DA:220,4
DA:224,21
DA:237,21
DA:240,13
DA:246,3
DA:247,40
DA:248,48
DA:249,48
DA:250,37
DA:252,11
DA:255,40
LF:82
LH:82
BRDA:36,0,0,59
BRDA:38,1,0,1
BRDA:38,2,0,59
BRDA:38,2,1,2
BRDA:45,3,0,2
BRDA:45,4,0,59
BRDA:45,4,1,3
BRDA:52,5,0,2
BRDA:54,6,0,1
BRDA:54,6,1,1
BRDA:58,7,0,1
BRDA:66,8,0,2
BRDA:68,9,0,1
BRDA:68,9,1,1
BRDA:70,10,0,1
BRDA:102,11,0,26
BRDA:107,12,0,16
BRDA:111,13,0,3
BRDA:117,14,0,7
BRDA:117,15,0,13
BRDA:117,15,1,13
BRDA:122,16,0,1
BRDA:122,16,1,1
BRDA:122,16,2,1
BRDA:122,16,3,1
BRDA:122,16,4,1
BRDA:122,16,5,2
BRDA:149,17,0,15
BRDA:149,18,0,58
BRDA:149,18,1,27
BRDA:151,19,0,13
BRDA:151,20,0,15
BRDA:151,20,1,14
BRDA:151,20,2,14
BRDA:194,21,0,1
BRDA:197,22,0,3
BRDA:203,23,0,3
BRDA:203,23,1,3
BRDA:203,23,2,2
BRDA:206,24,0,16
BRDA:206,24,1,13
BRDA:215,25,0,1
BRDA:218,26,0,2
BRDA:237,27,0,21
BRDA:237,27,1,12
BRDA:249,28,0,37
BRDA:249,29,0,48
BRDA:249,29,1,12
BRF:48
BRH:48
end_of_record
TN:
SF:src/ui/ink/utils/log-parser.ts
FN:36,(anonymous_0)
FN:77,(anonymous_1)
FN:79,(anonymous_2)
FN:80,(anonymous_3)
FN:85,(anonymous_4)
FN:102,(anonymous_5)
FN:108,(anonymous_6)
FN:111,(anonymous_7)
FN:140,(anonymous_8)
FN:152,(anonymous_9)
FN:154,(anonymous_10)
FN:155,(anonymous_11)
FN:188,(anonymous_12)
FN:192,(anonymous_13)
FN:224,(anonymous_14)
FNF:15
FNH:15
FNDA:24,(anonymous_0)
FNDA:16,(anonymous_1)
FNDA:7,(anonymous_2)
FNDA:7,(anonymous_3)
FNDA:16,(anonymous_4)
FNDA:9,(anonymous_5)
FNDA:7,(anonymous_6)
FNDA:7,(anonymous_7)
FNDA:7,(anonymous_8)
FNDA:5,(anonymous_9)
FNDA:3,(anonymous_10)
FNDA:3,(anonymous_11)
FNDA:10,(anonymous_12)
FNDA:2,(anonymous_13)
FNDA:5,(anonymous_14)
DA:35,2
DA:37,24
DA:38,24
DA:46,24
DA:48,19
DA:49,19
DA:52,2
DA:54,1
DA:57,1
DA:58,1
DA:59,1
DA:62,17
DA:64,17
DA:65,13
DA:67,13
DA:68,12
DA:71,12
DA:72,1
DA:76,11
DA:77,16
DA:79,7
DA:80,7
DA:84,11
DA:86,16
DA:90,11
DA:91,7
DA:97,7
DA:98,7
DA:101,3
DA:102,9
DA:106,3
DA:107,3
DA:108,7
DA:110,3
DA:111,7
DA:114,3
DA:120,4
DA:125,4
DA:128,4
DA:129,4
DA:131,4
DA:132,4
DA:135,4
DA:136,0
DA:140,7
DA:142,4
DA:143,2
DA:147,2
DA:151,2
DA:152,5
DA:154,3
DA:155,3
DA:157,2
DA:163,1
DA:164,1
DA:168,5
DA:170,1
DA:171,1
DA:173,1
DA:174,1
DA:176,3
DA:178,5
DA:181,22
DA:184,0
DA:190,10
DA:191,2
DA:192,2
DA:193,1
DA:198,9
DA:199,1
DA:203,8
DA:204,8
DA:205,1
DA:209,7
DA:210,7
DA:211,1
DA:215,6
DA:216,6
DA:217,1
DA:221,5
DA:225,5
DA:226,5
DA:227,5
DA:228,3
DA:230,2
DA:237,0
LF:86
LH:83
BRDA:46,0,0,19
BRDA:46,0,1,5
BRDA:46,1,0,24
BRDA:46,1,1,19
BRDA:46,1,2,4
BRDA:52,2,0,1
BRDA:64,3,0,13
BRDA:64,3,1,4
BRDA:67,4,0,12
BRDA:71,5,0,1
BRDA:77,6,0,16
BRDA:77,6,1,14
BRDA:77,6,2,14
BRDA:86,7,0,16
BRDA:86,7,1,14
BRDA:86,7,2,14
BRDA:90,8,0,7
BRDA:90,8,1,4
BRDA:98,9,0,3
BRDA:98,9,1,4
BRDA:98,10,0,7
BRDA:98,10,1,4
BRDA:98,10,2,4
BRDA:98,10,3,4
BRDA:98,10,4,4
BRDA:102,11,0,9
BRDA:102,11,1,8
BRDA:102,11,2,8
BRDA:114,12,0,1
BRDA:114,12,1,2
BRDA:120,13,0,1
BRDA:120,13,1,3
BRDA:128,14,0,4
BRDA:131,15,0,4
BRDA:135,16,0,0
BRDA:140,17,0,7
BRDA:140,17,1,5
BRDA:140,17,2,5
BRDA:142,18,0,2
BRDA:142,18,1,2
BRDA:147,19,0,1
BRDA:147,19,1,1
BRDA:152,20,0,5
BRDA:152,20,1,3
BRDA:152,20,2,3
BRDA:168,21,0,1
BRDA:168,21,1,1
BRDA:168,21,2,3
BRDA:190,22,0,2
BRDA:190,23,0,10
BRDA:190,23,1,3
BRDA:190,23,2,3
BRDA:192,24,0,1
BRDA:198,25,0,1
BRDA:198,26,0,9
BRDA:198,26,1,1
BRDA:198,26,2,1
BRDA:203,27,0,8
BRDA:204,28,0,1
BRDA:209,29,0,7
BRDA:210,30,0,1
BRDA:215,31,0,6
BRDA:216,32,0,1
BRDA:227,33,0,3
BRF:64
BRH:63
end_of_record
TN:
SF:src/ui/ink/utils/performance-monitor.ts
FN:32,(anonymous_0)
FN:41,(anonymous_1)
FN:61,(anonymous_2)
FN:64,(anonymous_3)
FN:68,(anonymous_4)
FN:69,(anonymous_5)
FN:89,(anonymous_6)
FN:93,(anonymous_7)
FN:95,(anonymous_8)
FN:99,(anonymous_9)
FN:113,useRenderTime
FN:116,(anonymous_11)
FN:120,(anonymous_12)
FN:131,useComponentLifecycle
FN:132,(anonymous_14)
FN:136,(anonymous_15)
FN:147,getPerformanceStats
FN:154,getRecentRenders
FN:161,getSlowestRenders
FN:168,clearPerformanceData
FN:175,logPerformanceSummary
FN:186,(anonymous_21)
FN:195,(anonymous_22)
FNF:23
FNH:23
FNDA:1,(anonymous_0)
FNDA:44,(anonymous_1)
FNDA:25,(anonymous_2)
FNDA:31,(anonymous_3)
FNDA:29,(anonymous_4)
FNDA:31,(anonymous_5)
FNDA:11,(anonymous_6)
FNDA:19,(anonymous_7)
FNDA:11,(anonymous_8)
FNDA:42,(anonymous_9)
FNDA:47,useRenderTime
FNDA:42,(anonymous_11)
FNDA:45,(anonymous_12)
FNDA:5,useComponentLifecycle
FNDA:2,(anonymous_14)
FNDA:1,(anonymous_15)
FNDA:18,getPerformanceStats
FNDA:11,getRecentRenders
FNDA:12,getSlowestRenders
FNDA:42,clearPerformanceData
FNDA:7,logPerformanceSummary
FNDA:9,(anonymous_21)
FNDA:6,(anonymous_22)
DA:6,1
DA:33,1
DA:35,1
DA:37,1
DA:39,1
DA:42,44
DA:45,44
DA:46,42
DA:48,44
DA:51,44
DA:52,20
DA:56,44
DA:57,0
DA:62,25
DA:63,25
DA:64,31
DA:67,25
DA:68,25
DA:69,31
DA:70,29
DA:71,29
DA:72,29
DA:80,25
DA:90,11
DA:94,19
DA:95,11
DA:100,42
DA:101,42
DA:102,42
DA:103,42
DA:108,1
DA:113,1
DA:114,47
DA:116,47
DA:117,42
DA:120,47
DA:121,45
DA:122,44
DA:123,44
DA:131,1
DA:132,5
DA:133,2
DA:134,2
DA:136,2
DA:137,1
DA:138,1
DA:139,1
DA:147,1
DA:148,18
DA:154,1
DA:155,11
DA:161,1
DA:162,12
DA:168,1
DA:169,42
DA:175,1
DA:176,7
DA:178,7
DA:179,7
DA:180,7
DA:181,7
DA:182,7
DA:184,7
DA:185,3
DA:186,3
DA:187,9
DA:192,7
DA:193,7
DA:194,3
DA:195,3
DA:196,6
DA:200,7
LF:72
LH:71
BRDA:45,0,0,42
BRDA:51,1,0,20
BRDA:56,2,0,0
BRDA:63,3,0,13
BRDA:63,3,1,12
BRDA:89,4,0,0
BRDA:93,5,0,0
BRDA:121,6,0,44
BRDA:154,7,0,2
BRDA:161,8,0,5
BRDA:184,9,0,3
BRDA:193,10,0,3
BRF:12
BRH:9
end_of_record
TN:
SF:src/ui/ink/utils/terminal-capabilities.ts
FN:34,isWindowsTerminal
FN:41,isITerm2
FN:48,isMacTerminal
FN:55,isHyper
FN:62,isAlacritty
FN:69,detectCapabilities
FN:131,getBoxChar
FN:169,getStatusSymbol
FN:207,supportsFeature
FN:218,getColorSupport
FN:226,logTerminalInfo
FNF:11
FNH:11
FNDA:36,isWindowsTerminal
FNDA:35,isITerm2
FNDA:31,isMacTerminal
FNDA:30,isHyper
FNDA:29,isAlacritty
FNDA:32,detectCapabilities
FNDA:22,getBoxChar
FNDA:22,getStatusSymbol
FNDA:9,supportsFeature
FNDA:2,getColorSupport
FNDA:2,logTerminalInfo
DA:6,3
DA:20,3
DA:34,3
DA:35,36
DA:41,3
DA:42,35
DA:48,3
DA:49,31
DA:55,3
DA:56,30
DA:62,3
DA:63,29
DA:69,3
DA:70,32
DA:73,32
DA:74,32
DA:76,32
DA:77,5
DA:78,27
DA:79,3
DA:80,24
DA:81,1
DA:83,23
DA:87,32
DA:88,32
DA:91,32
DA:94,32
DA:95,1
DA:96,1
DA:97,1
DA:98,1
DA:99,1
DA:100,31
DA:101,3
DA:102,3
DA:103,3
DA:104,3
DA:105,3
DA:106,3
DA:107,28
DA:108,1
DA:109,1
DA:110,1
DA:111,1
DA:112,27
DA:113,1
DA:114,1
DA:115,1
DA:116,1
DA:117,1
DA:118,26
DA:119,1
DA:120,1
DA:121,1
DA:122,1
DA:125,32
DA:131,3
DA:132,22
DA:134,22
DA:136,9
DA:145,9
DA:149,13
DA:163,13
DA:169,3
DA:170,22
DA:172,22
DA:174,10
DA:184,10
DA:188,12
DA:201,12
DA:207,3
DA:211,9
DA:212,9
DA:218,3
DA:219,2
DA:220,2
DA:226,3
DA:227,2
DA:228,2
DA:229,2
DA:230,2
DA:231,2
DA:232,2
DA:233,2
DA:234,2
DA:235,2
DA:236,2
LF:87
LH:87
BRDA:35,0,0,36
BRDA:35,0,1,34
BRDA:42,1,0,35
BRDA:42,1,1,31
BRDA:74,2,0,32
BRDA:74,2,1,24
BRDA:76,3,0,5
BRDA:76,3,1,27
BRDA:76,4,0,32
BRDA:76,4,1,28
BRDA:78,5,0,3
BRDA:78,5,1,24
BRDA:78,6,0,27
BRDA:78,6,1,25
BRDA:80,7,0,1
BRDA:80,7,1,23
BRDA:87,8,0,32
BRDA:87,8,1,23
BRDA:87,8,2,22
BRDA:88,9,0,32
BRDA:88,9,1,26
BRDA:91,10,0,32
BRDA:91,10,1,24
BRDA:94,11,0,1
BRDA:94,11,1,31
BRDA:100,12,0,3
BRDA:100,12,1,28
BRDA:107,13,0,1
BRDA:107,13,1,27
BRDA:112,14,0,1
BRDA:112,14,1,26
BRDA:118,15,0,1
BRDA:132,16,0,22
BRDA:132,16,1,2
BRDA:134,17,0,9
BRDA:145,18,0,9
BRDA:145,18,1,2
BRDA:163,19,0,13
BRDA:163,19,1,1
BRDA:170,20,0,22
BRDA:170,20,1,2
BRDA:172,21,0,10
BRDA:184,22,0,10
BRDA:184,22,1,2
BRDA:201,23,0,12
BRDA:201,23,1,1
BRDA:211,24,0,9
BRDA:211,24,1,1
BRDA:219,25,0,2
BRDA:219,25,1,1
BRF:50
BRH:50
end_of_record
TN:
SF:src/ui/ink/utils/terminal-test.ts
FN:53,(anonymous_1)
FNF:1
FNH:1
FNDA:70,(anonymous_1)
DA:8,14
DA:10,14
DA:12,14
DA:15,14
DA:18,14
DA:19,14
DA:20,14
DA:21,14
DA:23,14
DA:24,14
DA:26,14
DA:27,14
DA:28,14
DA:29,14
DA:30,14
DA:31,14
DA:32,14
DA:35,14
DA:36,14
DA:37,14
DA:38,14
DA:39,14
DA:40,14
DA:41,14
DA:43,14
DA:44,14
DA:45,42
DA:47,14
DA:48,14
DA:51,14
DA:52,14
DA:53,14
DA:54,70
DA:56,70
DA:57,28
DA:58,42
DA:59,14
DA:60,28
DA:61,14
DA:63,14
DA:65,70
DA:67,14
DA:70,14
DA:71,14
DA:72,14
DA:73,14
DA:76,14
DA:77,14
DA:78,14
DA:79,14
DA:80,14
DA:81,14
DA:82,14
DA:84,14
LF:54
LH:54
BRDA:24,0,0,12
BRDA:24,0,1,2
BRDA:26,1,0,12
BRDA:26,1,1,2
BRDA:27,2,0,12
BRDA:27,2,1,2
BRDA:28,3,0,12
BRDA:28,3,1,2
BRDA:29,4,0,12
BRDA:29,4,1,2
BRDA:30,5,0,12
BRDA:30,5,1,2
BRDA:31,6,0,12
BRDA:31,6,1,2
BRDA:56,7,0,28
BRDA:56,7,1,42
BRDA:56,8,0,70
BRDA:56,8,1,56
BRDA:58,9,0,14
BRDA:58,9,1,28
BRDA:60,10,0,14
BRDA:60,10,1,14
BRDA:77,11,0,14
BRDA:77,11,1,2
BRDA:78,12,0,14
BRDA:78,12,1,2
BRDA:79,13,0,14
BRDA:79,13,1,2
BRDA:80,14,0,14
BRDA:80,14,1,14
BRDA:81,15,0,14
BRDA:81,15,1,2
BRF:32
BRH:32
end_of_record
TN:
SF:src/utils/backtick-protection.js
FN:12,(anonymous_0)
FN:34,(anonymous_1)
FNF:2
FNH:2
FNDA:11,(anonymous_0)
FNDA:25,(anonymous_1)
DA:12,3
DA:13,11
DA:14,6
DA:26,5
DA:34,3
DA:35,25
DA:36,7
DA:43,18
DA:46,3
LF:9
LH:9
BRDA:13,0,0,6
BRDA:13,0,1,5
BRDA:35,1,0,7
BRDA:35,1,1,18
BRF:4
BRH:4
end_of_record
TN:
SF:src/utils/cross-platform-focus.js
FN:9,(anonymous_0)
FN:32,(anonymous_1)
FN:47,(anonymous_2)
FN:59,(anonymous_3)
FN:71,(anonymous_4)
FN:79,(anonymous_5)
FN:80,(anonymous_6)
FN:103,(anonymous_7)
FN:107,(anonymous_8)
FN:127,(anonymous_9)
FN:137,(anonymous_10)
FN:145,(anonymous_11)
FN:147,(anonymous_12)
FN:153,(anonymous_13)
FN:159,(anonymous_14)
FN:170,(anonymous_15)
FN:179,(anonymous_16)
FN:192,(anonymous_17)
FN:207,(anonymous_18)
FN:211,(anonymous_19)
FN:221,(anonymous_20)
FN:228,(anonymous_21)
FN:240,(anonymous_22)
FN:255,(anonymous_23)
FN:285,(anonymous_24)
FN:305,(anonymous_25)
FN:307,(anonymous_26)
FN:311,(anonymous_27)
FN:327,(anonymous_28)
FN:355,(anonymous_29)
FN:363,(anonymous_30)
FN:365,(anonymous_31)
FN:378,(anonymous_32)
FN:381,(anonymous_33)
FNF:34
FNH:10
FNDA:19,(anonymous_0)
FNDA:23,(anonymous_1)
FNDA:22,(anonymous_2)
FNDA:22,(anonymous_3)
FNDA:7,(anonymous_4)
FNDA:6,(anonymous_5)
FNDA:10,(anonymous_6)
FNDA:5,(anonymous_7)
FNDA:7,(anonymous_8)
FNDA:1,(anonymous_9)
FNDA:0,(anonymous_10)
FNDA:0,(anonymous_11)
FNDA:0,(anonymous_12)
FNDA:0,(anonymous_13)
FNDA:0,(anonymous_14)
FNDA:0,(anonymous_15)
FNDA:0,(anonymous_16)
FNDA:0,(anonymous_17)
FNDA:0,(anonymous_18)
FNDA:0,(anonymous_19)
FNDA:0,(anonymous_20)
FNDA:0,(anonymous_21)
FNDA:0,(anonymous_22)
FNDA:0,(anonymous_23)
FNDA:0,(anonymous_24)
FNDA:0,(anonymous_25)
FNDA:0,(anonymous_26)
FNDA:0,(anonymous_27)
FNDA:0,(anonymous_28)
FNDA:0,(anonymous_29)
FNDA:0,(anonymous_30)
FNDA:0,(anonymous_31)
FNDA:0,(anonymous_32)
FNDA:0,(anonymous_33)
DA:1,1
DA:2,1
DA:10,19
DA:11,19
DA:12,19
DA:13,19
DA:14,19
DA:17,19
DA:18,19
DA:19,19
DA:21,19
DA:33,23
DA:35,6
DA:36,17
DA:38,6
DA:41,11
DA:48,22
DA:49,6
DA:50,16
DA:51,6
DA:53,10
DA:60,22
DA:61,6
DA:62,16
DA:63,6
DA:65,10
DA:72,7
DA:74,7
DA:75,1
DA:76,1
DA:79,6
DA:80,6
DA:81,10
DA:83,10
DA:84,1
DA:88,1
DA:89,1
DA:93,9
DA:95,1
DA:96,1
DA:97,8
DA:99,1
DA:102,7
DA:103,5
DA:107,7
DA:108,7
DA:110,7
DA:111,4
DA:113,3
DA:117,3
DA:121,2
DA:126,2
DA:127,1
DA:129,1
DA:134,6
DA:135,6
DA:137,0
DA:147,0
DA:148,0
DA:151,0
DA:153,0
DA:154,0
DA:155,0
DA:159,0
DA:160,0
DA:161,0
DA:171,0
DA:173,0
DA:174,0
DA:175,0
DA:179,0
DA:180,0
DA:181,0
DA:184,0
DA:193,0
DA:195,0
DA:196,0
DA:198,0
DA:201,0
DA:208,0
DA:211,0
DA:212,0
DA:217,0
DA:219,0
DA:221,0
DA:223,0
DA:228,0
DA:229,0
DA:234,0
DA:235,0
DA:240,0
DA:241,0
DA:242,0
DA:244,0
DA:246,0
DA:256,0
DA:264,0
DA:265,0
DA:266,0
DA:269,0
DA:270,0
DA:271,0
DA:274,0
DA:279,0
DA:286,0
DA:288,0
DA:289,0
DA:290,0
DA:294,0
DA:295,0
DA:296,0
DA:297,0
DA:299,0
DA:307,0
DA:308,0
DA:309,0
DA:311,0
DA:312,0
DA:314,0
DA:316,0
DA:317,0
DA:320,0
DA:321,0
DA:324,0
DA:325,0
DA:327,0
DA:328,0
DA:329,0
DA:330,0
DA:331,0
DA:334,0
DA:335,0
DA:336,0
DA:340,0
DA:341,0
DA:343,0
DA:348,0
DA:357,0
DA:365,0
DA:366,0
DA:368,0
DA:369,0
DA:372,0
DA:373,0
DA:376,0
DA:378,0
DA:379,0
DA:381,0
DA:382,0
DA:383,0
DA:385,0
DA:386,0
DA:388,0
DA:392,0
DA:393,0
DA:399,1
LF:156
LH:57
BRDA:33,0,0,6
BRDA:33,0,1,17
BRDA:36,1,0,6
BRDA:36,1,1,11
BRDA:48,2,0,6
BRDA:48,2,1,16
BRDA:50,3,0,6
BRDA:50,3,1,10
BRDA:60,4,0,6
BRDA:60,4,1,16
BRDA:62,5,0,6
BRDA:62,5,1,10
BRDA:71,6,0,1
BRDA:72,7,0,6
BRDA:72,8,0,1
BRDA:74,9,0,1
BRDA:74,9,1,6
BRDA:83,10,0,1
BRDA:83,10,1,9
BRDA:85,11,0,1
BRDA:85,11,1,0
BRDA:93,12,0,1
BRDA:93,12,1,8
BRDA:97,13,0,1
BRDA:97,13,1,7
BRDA:110,14,0,4
BRDA:110,14,1,3
BRDA:110,15,0,7
BRDA:110,15,1,4
BRDA:119,16,0,7
BRDA:119,16,1,0
BRDA:126,17,0,1
BRDA:126,17,1,1
BRDA:134,18,0,6
BRDA:134,18,1,0
BRDA:151,19,0,0
BRDA:151,19,1,0
BRDA:155,20,0,0
BRDA:155,20,1,0
BRDA:161,21,0,0
BRDA:161,21,1,0
BRDA:173,22,0,0
BRDA:173,22,1,0
BRDA:180,23,0,0
BRDA:180,23,1,0
BRDA:193,24,0,0
BRDA:193,24,1,0
BRDA:196,25,0,0
BRDA:196,25,1,0
BRDA:207,26,0,0
BRDA:217,27,0,0
BRDA:217,27,1,0
BRDA:219,28,0,0
BRDA:219,28,1,0
BRDA:234,29,0,0
BRDA:234,29,1,0
BRDA:241,30,0,0
BRDA:241,30,1,0
BRDA:242,31,0,0
BRDA:242,31,1,0
BRDA:264,32,0,0
BRDA:264,32,1,0
BRDA:269,33,0,0
BRDA:269,33,1,0
BRDA:269,34,0,0
BRDA:269,34,1,0
BRDA:288,35,0,0
BRDA:288,35,1,0
BRDA:294,36,0,0
BRDA:294,36,1,0
BRDA:296,37,0,0
BRDA:296,37,1,0
BRDA:316,38,0,0
BRDA:316,38,1,0
BRDA:318,39,0,0
BRDA:318,39,1,0
BRDA:328,40,0,0
BRDA:328,40,1,0
BRDA:330,41,0,0
BRDA:330,41,1,0
BRDA:340,42,0,0
BRDA:340,42,1,0
BRDA:368,43,0,0
BRDA:368,43,1,0
BRDA:370,44,0,0
BRDA:370,44,1,0
BRDA:383,45,0,0
BRDA:383,45,1,0
BRF:88
BRH:32
end_of_record
TN:
SF:src/utils/errors.js
FN:7,(anonymous_0)
FN:16,(anonymous_1)
FN:25,(anonymous_2)
FNF:3
FNH:3
FNDA:127,(anonymous_0)
FNDA:24,(anonymous_1)
FNDA:31,(anonymous_2)
DA:8,127
DA:9,127
DA:10,127
DA:11,127
DA:17,24
DA:18,24
DA:19,24
DA:20,24
DA:26,31
DA:27,31
DA:28,31
DA:29,31
DA:33,29
LF:13
LH:13
BRF:0
BRH:0
end_of_record
TN:
SF:src/utils/focus-debugger.js
FN:8,(anonymous_0)
FN:18,(anonymous_1)
FN:41,(anonymous_2)
FN:51,(anonymous_3)
FN:70,(anonymous_4)
FN:81,(anonymous_5)
FN:88,(anonymous_6)
FN:96,(anonymous_7)
FNF:8
FNH:8
FNDA:29,(anonymous_0)
FNDA:97,(anonymous_1)
FNDA:3,(anonymous_2)
FNDA:3,(anonymous_3)
FNDA:4,(anonymous_4)
FNDA:4,(anonymous_5)
FNDA:1,(anonymous_6)
FNDA:18,(anonymous_7)
DA:1,1
DA:9,29
DA:10,29
DA:11,29
DA:19,97
DA:21,94
DA:29,94
DA:30,94
DA:33,94
DA:34,5
DA:42,3
DA:43,2
DA:52,3
DA:53,3
DA:55,3
DA:56,2
DA:60,2
DA:63,1
DA:73,4
DA:82,4
DA:89,1
DA:97,18
DA:98,18
DA:102,1
LF:24
LH:24
BRDA:19,0,0,3
BRDA:19,0,1,94
BRDA:24,1,0,5
BRDA:24,1,1,89
BRDA:33,2,0,5
BRDA:33,2,1,89
BRDA:42,3,0,2
BRDA:42,3,1,1
BRDA:55,4,0,2
BRDA:55,4,1,1
BRDA:57,5,0,1
BRDA:57,5,1,1
BRDA:58,6,0,2
BRDA:58,6,1,0
BRDA:81,7,0,2
BRF:15
BRH:14
end_of_record
TN:
SF:src/utils/logger.js
FN:16,(anonymous_0)
FNF:1
FNH:0
FNDA:0,(anonymous_0)
DA:1,0
DA:2,0
DA:3,0
DA:4,0
DA:6,0
DA:9,0
DA:10,0
DA:14,0
DA:16,0
DA:19,0
DA:22,0
DA:36,0
DA:38,0
DA:39,0
DA:48,0
DA:53,0
DA:58,0
LF:17
LH:0
BRDA:9,0,0,0
BRDA:9,0,1,0
BRDA:14,1,0,0
BRDA:14,1,1,0
BRDA:14,1,2,0
BRDA:23,2,0,0
BRDA:23,2,1,0
BRDA:36,3,0,0
BRDA:36,3,1,0
BRDA:38,4,0,0
BRDA:38,4,1,0
BRDA:38,5,0,0
BRDA:38,5,1,0
BRF:13
BRH:0
end_of_record
TN:
SF:src/utils/secure-logger.js
FN:11,(anonymous_0)
FN:29,(anonymous_1)
FN:36,(anonymous_2)
FN:60,(anonymous_3)
FN:87,(anonymous_4)
FN:94,(anonymous_5)
FN:106,(anonymous_6)
FN:112,(anonymous_7)
FN:124,(anonymous_8)
FN:144,(anonymous_9)
FN:153,(anonymous_10)
FN:162,(anonymous_11)
FN:171,(anonymous_12)
FN:180,(anonymous_13)
FN:185,(anonymous_14)
FN:192,(anonymous_15)
FN:193,(anonymous_16)
FNF:17
FNH:0
FNDA:0,(anonymous_0)
FNDA:0,(anonymous_1)
FNDA:0,(anonymous_2)
FNDA:0,(anonymous_3)
FNDA:0,(anonymous_4)
FNDA:0,(anonymous_5)
FNDA:0,(anonymous_6)
FNDA:0,(anonymous_7)
FNDA:0,(anonymous_8)
FNDA:0,(anonymous_9)
FNDA:0,(anonymous_10)
FNDA:0,(anonymous_11)
FNDA:0,(anonymous_12)
FNDA:0,(anonymous_13)
FNDA:0,(anonymous_14)
FNDA:0,(anonymous_15)
FNDA:0,(anonymous_16)
DA:1,0
DA:2,0
DA:3,0
DA:4,0
DA:12,0
DA:19,0
DA:22,0
DA:23,0
DA:27,0
DA:29,0
DA:31,0
DA:40,0
DA:41,0
DA:43,0
DA:56,0
DA:57,0
DA:61,0
DA:62,0
DA:65,0
DA:72,0
DA:77,0
DA:88,0
DA:89,0
DA:92,0
DA:94,0
DA:95,0
DA:98,0
DA:107,0
DA:108,0
DA:111,0
DA:112,0
DA:113,0
DA:114,0
DA:115,0
DA:116,0
DA:118,0
DA:122,0
DA:124,0
DA:125,0
DA:127,0
DA:128,0
DA:129,0
DA:130,0
DA:132,0
DA:136,0
DA:145,0
DA:154,0
DA:163,0
DA:172,0
DA:181,0
DA:182,0
DA:185,0
DA:193,0
DA:198,0
DA:199,0
DA:202,0
DA:203,0
LF:57
LH:0
BRDA:22,0,0,0
BRDA:22,0,1,0
BRDA:27,1,0,0
BRDA:27,1,1,0
BRDA:27,1,2,0
BRDA:32,2,0,0
BRDA:32,2,1,0
BRDA:56,3,0,0
BRDA:56,3,1,0
BRDA:62,4,0,0
BRDA:62,4,1,0
BRDA:88,5,0,0
BRDA:88,5,1,0
BRDA:107,6,0,0
BRDA:107,6,1,0
BRDA:107,7,0,0
BRDA:107,7,1,0
BRDA:111,8,0,0
BRDA:111,8,1,0
BRDA:113,9,0,0
BRDA:113,9,1,0
BRDA:115,10,0,0
BRDA:115,10,1,0
BRDA:127,11,0,0
BRDA:127,11,1,0
BRDA:129,12,0,0
BRDA:129,12,1,0
BRDA:144,13,0,0
BRDA:153,14,0,0
BRDA:162,15,0,0
BRDA:171,16,0,0
BRDA:181,17,0,0
BRDA:181,17,1,0
BRDA:198,18,0,0
BRDA:198,18,1,0
BRF:35
BRH:0
end_of_record
