TN:
SF:src/cli/index.js
FN:7,initializeApplication
FN:22,(anonymous_1)
FN:32,(anonymous_2)
FN:40,(anonymous_3)
FNF:4
FNH:1
FNDA:5,initializeApplication
FNDA:0,(anonymous_1)
FNDA:0,(anonymous_2)
FNDA:0,(anonymous_3)
DA:1,1
DA:2,1
DA:8,5
DA:10,5
DA:13,4
DA:19,4
DA:23,0
DA:25,0
DA:29,4
DA:33,0
DA:34,0
DA:39,4
DA:41,0
DA:44,4
DA:46,1
DA:47,1
DA:51,1
LF:17
LH:12
BRF:0
BRH:0
end_of_record
TN:
SF:src/cli/validators/environment.js
FN:8,validateEnvironment
FNF:1
FNH:1
FNDA:8,validateEnvironment
DA:1,1
DA:2,1
DA:3,1
DA:10,8
DA:11,8
DA:12,2
DA:20,6
DA:21,6
DA:22,4
DA:23,4
DA:24,3
DA:31,5
DA:32,3
DA:34,2
DA:42,1
DA:43,1
DA:47,0
DA:51,1
LF:18
LH:17
BRDA:11,0,0,2
BRDA:11,0,1,6
BRDA:23,1,0,3
BRDA:23,1,1,1
BRDA:23,2,0,4
BRDA:23,2,1,3
BRDA:31,3,0,3
BRDA:31,3,1,2
BRF:8
BRH:8
end_of_record
TN:
SF:src/core/config.js
FN:31,initializeSessionStorage
FN:79,loadConfig
FN:98,saveConfig
FNF:3
FNH:3
FNDA:4,initializeSessionStorage
FNDA:3,loadConfig
FNDA:1,saveConfig
DA:1,2
DA:2,2
DA:3,2
DA:4,2
DA:6,2
DA:7,2
DA:8,2
DA:9,2
DA:11,2
DA:22,2
DA:32,4
DA:34,4
DA:35,1
DA:39,4
DA:40,1
DA:44,4
DA:45,2
DA:53,4
DA:54,2
DA:62,4
DA:64,4
DA:65,1
DA:68,0
DA:80,3
DA:81,3
DA:82,2
DA:83,2
DA:85,1
DA:87,1
DA:99,1
DA:100,1
DA:106,0
DA:114,2
LF:33
LH:31
BRDA:34,0,0,1
BRDA:34,0,1,3
BRDA:39,1,0,1
BRDA:39,1,1,3
BRDA:44,2,0,2
BRDA:44,2,1,2
BRDA:53,3,0,2
BRDA:53,3,1,2
BRDA:64,4,0,1
BRDA:64,4,1,3
BRDA:81,5,0,2
BRDA:81,5,1,1
BRF:12
BRH:12
end_of_record
TN:
SF:src/utils/errors.js
FN:7,(anonymous_0)
FN:16,(anonymous_1)
FN:25,(anonymous_2)
FNF:3
FNH:3
FNDA:8,(anonymous_0)
FNDA:1,(anonymous_1)
FNDA:2,(anonymous_2)
DA:8,8
DA:9,8
DA:10,8
DA:11,8
DA:17,1
DA:18,1
DA:19,1
DA:20,1
DA:26,2
DA:27,2
DA:28,2
DA:29,2
DA:33,4
LF:13
LH:13
BRF:0
BRH:0
end_of_record
TN:
SF:src/utils/logger.js
FNF:0
FNH:0
DA:1,1
DA:2,1
DA:3,1
DA:5,1
DA:8,1
DA:27,1
DA:29,1
DA:30,1
DA:35,1
DA:40,1
LF:10
LH:10
BRDA:9,0,0,1
BRDA:9,0,1,1
BRDA:29,1,0,1
BRDA:29,1,1,0
BRF:4
BRH:3
end_of_record
